#
# A fatal error has been detected by the Java Runtime Environment:
#
#  SIGSEGV (0xb) at pc=0x0000007f91513f28, pid=15284, tid=15298
#
# JRE version: OpenJDK Runtime Environment (17.0.6+10) (build 17.0.6+10-Debian-1deb11u1)
# Java VM: OpenJDK 64-Bit Server VM (17.0.6+10-Debian-1deb11u1, mixed mode, sharing, tiered, compressed oops, compressed class ptrs, serial gc, linux-aarch64)
# Problematic frame:
# C  [libws281xj1877856342298141295so+0x2f28]  ws2811_render+0x30
#
# No core dump will be written. Core dumps have been disabled. To enable core dumping, try "ulimit -c unlimited" before starting Java again
#
# If you would like to submit a bug report, please visit:
#   https://bugs.debian.org/openjdk-17
# The crash happened outside the Java Virtual Machine in native code.
# See problematic frame for where to report the bug.
#

---------------  S U M M A R Y ------------

Command Line: build/libs/all-in-one-jar-1.0-SNAPSHOT.jar

Host: AArch64, 4 cores, 909M, Debian GNU/Linux 11 (bullseye)
Time: Sun Feb 26 08:10:30 2023 GMT elapsed time: 60.471745 seconds (0d 0h 1m 0s)

---------------  T H R E A D  ---------------

Current thread (0x0000007f8c142ca0):  JavaThread "Thread-0" [_thread_in_native, id=15298, stack(0x0000007f7421d000,0x0000007f7441d000)]

Stack: [0x0000007f7421d000,0x0000007f7441d000],  sp=0x0000007f7441b270,  free space=2040k
Native frames: (J=compiled Java code, j=interpreted, Vv=VM code, C=native code)
C  [libws281xj1877856342298141295so+0x2f28]  ws2811_render+0x30
J 259  com.diozero.ws281xj.rpiws281x.WS281xNative.render()I (0 bytes) @ 0x0000007f7ccfb738 [0x0000007f7ccfb6c0+0x0000000000000078]
C  0x0000007f91003398

Java frames: (J=compiled Java code, j=interpreted, Vv=VM code)
J 259  com.diozero.ws281xj.rpiws281x.WS281xNative.render()I (0 bytes) @ 0x0000007f7ccfb738 [0x0000007f7ccfb6c0+0x0000000000000078]
J 258 c1 com.diozero.ws281xj.rpiws281x.WS281x.render()V (36 bytes) @ 0x0000007f752727d4 [0x0000007f75272740+0x0000000000000094]
J 257 c2 led.patterns.AutoBlue.setPixels()V (65 bytes) @ 0x0000007f7ccfb120 [0x0000007f7ccfafc0+0x0000000000000160]
J 247% c2 led.Pattern.run()V (69 bytes) @ 0x0000007f7ccf87d0 [0x0000007f7ccf86c0+0x0000000000000110]
j  java.lang.Thread.run()V+11 java.base@17.0.6
v  ~StubRoutines::call_stub

siginfo: si_signo: 11 (SIGSEGV), si_code: 1 (SEGV_MAPERR), si_addr: 0x0000000000000000

Register to memory mapping:

R0=0x0000000000000000
R1=0x000000000000001f
R2=0x0000000000000001
R3=0x0000000000000007
R4=0x000000004042d97c
R5=0x0000000000000017
R6=0x79c7bb8b79c40176
R7=0x0000000000000036
R8=0x0000007f91512ea8
R9=0x0000007f8c142fd8
R10=0x00000000f1cf6b78
R11=0x0000007f915271a4
R12=0x0000000000000420
R13=0x00000000f1dbc938
R14=0x000000007fffffff
R15=0x00000000f1cf6b78
R16=0x0000007f91527040
R17=0x0000007f91513ef8
R18=0x00000000000000ff
R19=0x0000007f91527180
R20=0x0000000000000b95
R21=0x00000000000004b0
R22=0x0000007f8c140e50
R23=0x000000000000012c
R24=0x000000001b4e81b5
R25=0x0000007f7441b690
R26=0x0000007f91007e48
R27=0x0000000000000000
R28=0x0000007f8c142ca0
R29=0x0000007f7441b270
R30=0x0000007f7ccfb738


Registers:
R0 =0x0 is NULL
R1 =0x000000000000001f is an unknown value
R2 =0x0000000000000001 is an unknown value
R3 =0x0000000000000007 is an unknown value
R4 =0x000000004042d97c is an unknown value
R5 =0x0000000000000017 is an unknown value
R6 =0x79c7bb8b79c40176 is an unknown value
R7 =0x0000000000000036 is an unknown value
R8 =0x0000007f91512ea8: Java_com_diozero_ws281xj_rpiws281x_WS281xNative_render+0x0000000000000000 in /tmp/libws281xj1877856342298141295so at 0x0000007f91511000
R9 =0x0000007f8c142fd8 points into unknown readable memory: 0x0000000000000004 | 04 00 00 00 00 00 00 00
R10=0x00000000f1cf6b78 is an oop: led.LEDStrip 
{0x00000000f1cf6b78} - klass: 'led/LEDStrip'
 - ---- fields (total size 3 words):
 - private 'numPixels' 'I' @12  300 (12c)
 - private 'ch0LedBuffer' 'Ljava/nio/ByteBuffer;' @16  a 'java/nio/DirectByteBuffer'{0x00000000f1dbc938} (f1dbc938)
R11=0x0000007f915271a4: led_string+0x0000000000000024 in /tmp/libws281xj1877856342298141295so at 0x0000007f91511000
R12=0x0000000000000420 is an unknown value
R13=0x00000000f1dbc938 is an oop: java.nio.DirectByteBuffer 
{0x00000000f1dbc938} - klass: 'java/nio/DirectByteBuffer'
 - ---- fields (total size 8 words):
 - private 'mark' 'I' @12  -1 (ffffffff)
 - 'address' 'J' @16  547810971216 (8c140e50 7f)
 - private 'position' 'I' @24  0
 - private 'limit' 'I' @28  1200 (4b0)
 - private 'capacity' 'I' @32  1200 (4b0)
 - final 'segment' 'Ljdk/internal/access/foreign/MemorySegmentProxy;' @36  NULL (0)
 - final 'offset' 'I' @40  0
 - 'isReadOnly' 'Z' @44  false
 - 'bigEndian' 'Z' @45  false
 - 'nativeByteOrder' 'Z' @46  true
 - final 'hb' '[B' @48  NULL (0)
 - private final 'isSync' 'Z' @47  false
 - private final 'fd' 'Ljava/io/FileDescriptor;' @52  NULL (0)
 - private final 'att' 'Ljava/lang/Object;' @56  NULL (0)
 - private final 'cleaner' 'Ljdk/internal/ref/Cleaner;' @60  NULL (0)
R14=0x000000007fffffff is an unknown value
R15=0x00000000f1cf6b78 is an oop: led.LEDStrip 
{0x00000000f1cf6b78} - klass: 'led/LEDStrip'
 - ---- fields (total size 3 words):
 - private 'numPixels' 'I' @12  300 (12c)
 - private 'ch0LedBuffer' 'Ljava/nio/ByteBuffer;' @16  a 'java/nio/DirectByteBuffer'{0x00000000f1dbc938} (f1dbc938)
R16=0x0000007f91527040: <offset 0x0000000000016040> in /tmp/libws281xj1877856342298141295so at 0x0000007f91511000
R17=0x0000007f91513ef8: ws2811_render+0x0000000000000000 in /tmp/libws281xj1877856342298141295so at 0x0000007f91511000
R18=0x00000000000000ff is an unknown value
R19=0x0000007f91527180: led_string+0x0000000000000000 in /tmp/libws281xj1877856342298141295so at 0x0000007f91511000
R20=0x0000000000000b95 is an unknown value
R21=0x00000000000004b0 is an unknown value
R22=0x0000007f8c140e50 points into unknown readable memory: 0x000029ff00002dff | ff 2d 00 00 ff 29 00 00
R23=0x000000000000012c is an unknown value
R24=0x000000001b4e81b5 is an unknown value
R25=0x0000007f7441b690 is pointing into the stack for thread: 0x0000007f8c142ca0
R26=0x0000007f91007e48 is pointing into metadata
R27=0x0 is NULL
R28=0x0000007f8c142ca0 is a thread
R29=0x0000007f7441b270 is pointing into the stack for thread: 0x0000007f8c142ca0
R30=0x0000007f7ccfb738 is at entry_point+120 in (nmethod*)0x0000007f7ccfb510

Top of Stack: (sp=0x0000007f7441b270)
0x0000007f7441b270:   0000007f7441b330 0000007f7ccfb738
0x0000007f7441b280:   000000000000012c 0000000000000b95
0x0000007f7441b290:   00000000000004b0 0000007f8c140e50
0x0000007f7441b2a0:   000000000000012c 000000001b4e81b5
0x0000007f7441b2b0:   0000007f7441b690 0000007f91007e48
0x0000007f7441b2c0:   0000007fffff002d 0000007f934a6fd0
0x0000007f7441b2d0:   0000000000000001 000000000000012c
0x0000007f7441b2e0:   0000000000000863 00000000000004b0
0x0000007f7441b2f0:   0000007f8c140e50 000000000000012c
0x0000007f7441b300:   000000001b4e81b5 0000007f7441b690
0x0000007f7441b310:   0000007f91007e48 0000000000000000
0x0000007f7441b320:   00000000f1db5068 0000007f7441b330
0x0000007f7441b330:   0000000000000090 0000007f752727d4
0x0000007f7441b340:   ffffffffffffffff 0000007f91003398
0x0000007f7441b350:   0000007f7441b350 0000007f91003368
0x0000007f7441b360:   0000007f7441b3c0 0000007f91004000
0x0000007f7441b370:   00000000f1cee8f0 0000000000000000
0x0000007f7441b380:   0000007f9100ee30 0000007f91003398
0x0000007f7441b390:   0000000000000000 0000007f7441b3d0
0x0000007f7441b3a0:   0000000000000124 0000007f7ccfb120
0x0000007f7441b3b0:   000000000000012c 0000000000000000
0x0000007f7441b3c0:   0000000000000090 0000007f7ccfb120
0x0000007f7441b3d0:   0000010800000000 f1cf6b78000000ff
0x0000007f7441b3e0:   00000000f1dc0468 00000000f1dbc938
0x0000007f7441b3f0:   000000000000012b 0000007f7ccf8784
0x0000007f7441b400:   00000000000003e9 0000000019a7adfe
0x0000007f7441b410:   00000000f1dc0468 0000007f7ccf87d0
0x0000007f7441b420:   3ff0000000000000 417312d000000000
0x0000007f7441b430:   3ff00003756fe7a6 000000e929e787fe
0x0000007f7441b440:   00000000f1dc0468 3ff0000b00c00c48
0x0000007f7441b450:   0000007f75271434 000000db65713b54
0x0000007f7441b460:   0000007f7441b4f0 0000007f7c75c508 

Instructions: (pc=0x0000007f91513f28)
0x0000007f91513e28:   3647ff60 b9400260 374000e0 52800000
0x0000007f91513e38:   f9400bf3 a8c27bfd d65f03c0 52800000
0x0000007f91513e48:   d65f03c0 f0000080 b9402262 b0000001
0x0000007f91513e58:   912c2021 f947dc00 f9400000 97fffb87
0x0000007f91513e68:   12800120 17fffff3 a9be7bfd 910003fd
0x0000007f91513e78:   f9400401 a90153f3 aa0003f3 f9401034
0x0000007f91513e88:   97fffb36 f9400660 b9400001 7100043f
0x0000007f91513e98:   54000220 7100083f 540000c0 97fffc1b
0x0000007f91513ea8:   aa1303e0 a94153f3 a8c27bfd 17fffaef
0x0000007f91513eb8:   b9400281 36afffe1 97fffc7a f9400660
0x0000007f91513ec8:   97fffc12 aa1303e0 a94153f3 a8c27bfd
0x0000007f91513ed8:   17fffae6 97fffc5f f9400660 97fffc0b
0x0000007f91513ee8:   aa1303e0 a94153f3 a8c27bfd 17fffadf
0x0000007f91513ef8:   a9b97bfd 9100900b 52800022 910003fd
0x0000007f91513f08:   a90153f3 aa0003f3 39405172 f9400400
0x0000007f91513f18:   a9025bf5 528000e3 a90363f7 528003e1
0x0000007f91513f28:   b9400015 f9400405 71000ebf b9400960
0x0000007f91513f38:   1a810061 6b0202bf 5280004c 2a0203e9
0x0000007f91513f48:   1a82018c 52800014 52800017 52800090
0x0000007f91513f58:   1e6e9001 910143f6 528000cf 11000652
0x0000007f91513f68:   72040c1f 540014c0 52800080 2a0003f1
0x0000007f91513f78:   b9400562 1b007c40 531d7000 1e620000
0x0000007f91513f88:   1e610800 1e790000 6b00029f 1a802294
0x0000007f91513f98:   7100005f 54000ced 2a1703e6 d280001e
0x0000007f91513fa8:   52800008 f840c160 aa1603ee 39405967
0x0000007f91513fb8:   5280000d 39405d64 b87e7800 39406162
0x0000007f91513fc8:   f841c163 1ac72407 12001ce7 1ac42404
0x0000007f91513fd8:   12001c84 3940556a 1ac22402 12001c42
0x0000007f91513fe8:   1b127ce7 1b127c84 1aca2400 1b127c42
0x0000007f91513ff8:   12001c00 53087ce7 53087c84 53087c42
0x0000007f91514008:   1b127c00 3867486a 390143ea 53087c00
0x0000007f91514018:   38644864 390147e4 38624862 39014be2 


Stack slot to memory mapping:
stack at sp + 0 slots: 0x0000007f7441b330 is pointing into the stack for thread: 0x0000007f8c142ca0
stack at sp + 1 slots: 0x0000007f7ccfb738 is at entry_point+120 in (nmethod*)0x0000007f7ccfb510
stack at sp + 2 slots: 0x000000000000012c is an unknown value
stack at sp + 3 slots: 0x0000000000000b95 is an unknown value
stack at sp + 4 slots: 0x00000000000004b0 is an unknown value
stack at sp + 5 slots: 0x0000007f8c140e50 points into unknown readable memory: 0x000029ff00002dff | ff 2d 00 00 ff 29 00 00
stack at sp + 6 slots: 0x000000000000012c is an unknown value
stack at sp + 7 slots: 0x000000001b4e81b5 is an unknown value


---------------  P R O C E S S  ---------------

Threads class SMR info:
_java_thread_list=0x0000007f34000b60, length=13, elements={
0x0000007f8c04d8e0, 0x0000007f8c04ed80, 0x0000007f8c055320, 0x0000007f8c056730,
0x0000007f8c057b30, 0x0000007f8c059460, 0x0000007f8c05a980, 0x0000007f8c05be00,
0x0000007f8c0c7c80, 0x0000007f8c0cab90, 0x0000007f8c142ca0, 0x0000007f8c012e30,
0x0000007f60000e20
}

Java Threads: ( => current thread )
  0x0000007f8c04d8e0 JavaThread "Reference Handler" daemon [_thread_blocked, id=15287, stack(0x0000007f90a00000,0x0000007f90c00000)]
  0x0000007f8c04ed80 JavaThread "Finalizer" daemon [_thread_blocked, id=15288, stack(0x0000007f90800000,0x0000007f90a00000)]
  0x0000007f8c055320 JavaThread "Signal Dispatcher" daemon [_thread_blocked, id=15289, stack(0x0000007f90319000,0x0000007f90519000)]
  0x0000007f8c056730 JavaThread "Service Thread" daemon [_thread_blocked, id=15290, stack(0x0000007f90119000,0x0000007f90319000)]
  0x0000007f8c057b30 JavaThread "Monitor Deflation Thread" daemon [_thread_blocked, id=15291, stack(0x0000007f7501f000,0x0000007f7521f000)]
  0x0000007f8c059460 JavaThread "C2 CompilerThread0" daemon [_thread_blocked, id=15292, stack(0x0000007f74e1f000,0x0000007f7501f000)]
  0x0000007f8c05a980 JavaThread "C1 CompilerThread0" daemon [_thread_blocked, id=15293, stack(0x0000007f74c1f000,0x0000007f74e1f000)]
  0x0000007f8c05be00 JavaThread "Sweeper thread" daemon [_thread_blocked, id=15294, stack(0x0000007f74a1f000,0x0000007f74c1f000)]
  0x0000007f8c0c7c80 JavaThread "Notification Thread" daemon [_thread_blocked, id=15295, stack(0x0000007f7481f000,0x0000007f74a1f000)]
  0x0000007f8c0cab90 JavaThread "Common-Cleaner" daemon [_thread_blocked, id=15297, stack(0x0000007f7441d000,0x0000007f7461d000)]
=>0x0000007f8c142ca0 JavaThread "Thread-0" [_thread_in_native, id=15298, stack(0x0000007f7421d000,0x0000007f7441d000)]
  0x0000007f8c012e30 JavaThread "DestroyJavaVM" [_thread_blocked, id=15285, stack(0x0000007f91bf4000,0x0000007f91df4000)]
  0x0000007f60000e20 JavaThread "SIGINT handler" daemon [_thread_blocked, id=15783, stack(0x0000007f7401d000,0x0000007f7421d000)]

Other Threads:
  0x0000007f8c0490b0 VMThread "VM Thread" [stack: 0x0000007f915ae000,0x0000007f917ae000] [id=15286] _threads_hazard_ptr=0x0000007f34000b60

Threads with active compile tasks:

VM state: at safepoint (normal execution)

VM Mutex/Monitor currently owned by a thread:  ([mutex/lock_event])
[0x0000007f8c00fd80] Threads_lock - owner thread: 0x0000007f8c0490b0
[0x0000007f8c010480] Heap_lock - owner thread: 0x0000007f60000e20

Heap address: 0x00000000f1c00000, size: 228 MB, Compressed Oops mode: 32-bit

CDS archive(s) mapped at: [0x0000000800000000-0x0000000800be3000-0x0000000800be3000), size 12464128, SharedBaseAddress: 0x0000000800000000, ArchiveRelocationMode: 0.
Compressed class space mapped at: 0x0000000800c00000-0x0000000840c00000, reserved size: 1073741824
Narrow klass base: 0x0000000800000000, Narrow klass shift: 0, Narrow klass range: 0x100000000

GC Precious Log:
 CPUs: 4 total, 4 available
 Memory: 909M
 Large Page Support: Disabled
 NUMA Support: Disabled
 Compressed Oops: Enabled (32-bit)
 Heap Min Capacity: 8M
 Heap Initial Capacity: 16M
 Heap Max Capacity: 228M
 Pre-touch: Disabled

Heap:
 def new generation   total 4928K, used 2274K [0x00000000f1c00000, 0x00000000f2150000, 0x00000000f6800000)
  eden space 4416K,  51% used [0x00000000f1c00000, 0x00000000f1e38aa8, 0x00000000f2050000)
  from space 512K,   0% used [0x00000000f2050000, 0x00000000f2050000, 0x00000000f20d0000)
  to   space 512K,   0% used [0x00000000f20d0000, 0x00000000f20d0000, 0x00000000f2150000)
 tenured generation   total 10944K, used 0K [0x00000000f6800000, 0x00000000f72b0000, 0x0000000100000000)
   the space 10944K,   0% used [0x00000000f6800000, 0x00000000f6800000, 0x00000000f6800200, 0x00000000f72b0000)
 Metaspace       used 1312K, committed 1408K, reserved 1056768K
  class space    used 130K, committed 192K, reserved 1048576K

Card table byte_map: [0x0000007f91918000,0x0000007f9198b000] _byte_map_base: 0x0000007f9118a000

Polling page: 0x0000007f935ce000

Metaspace:

Usage:
  Non-class:      1.15 MB used.
      Class:    130.62 KB used.
       Both:      1.28 MB used.

Virtual space:
  Non-class space:        8.00 MB reserved,       1.19 MB ( 15%) committed,  1 nodes.
      Class space:        1.00 GB reserved,     192.00 KB ( <1%) committed,  1 nodes.
             Both:        1.01 GB reserved,       1.38 MB ( <1%) committed. 

Chunk freelists:
   Non-Class:  3.94 MB
       Class:  3.72 MB
        Both:  7.66 MB

MaxMetaspaceSize: unlimited
CompressedClassSpaceSize: 1.00 GB
Initial GC threshold: 21.00 MB
Current GC threshold: 21.00 MB
CDS: on
MetaspaceReclaimPolicy: balanced
 - commit_granule_bytes: 65536.
 - commit_granule_words: 8192.
 - virtual_space_node_default_size: 1048576.
 - enlarge_chunks_in_place: 1.
 - new_chunks_are_fully_committed: 0.
 - uncommit_free_chunks: 1.
 - use_allocation_guard: 0.
 - handle_deallocations: 1.


Internal statistics:

num_allocs_failed_limit: 0.
num_arena_births: 10.
num_arena_deaths: 0.
num_vsnodes_births: 2.
num_vsnodes_deaths: 0.
num_space_committed: 22.
num_space_uncommitted: 0.
num_chunks_returned_to_freelist: 0.
num_chunks_taken_from_freelist: 19.
num_chunk_merges: 0.
num_chunk_splits: 9.
num_chunks_enlarged: 7.
num_purges: 0.
num_inconsistent_stats: 0.

CodeHeap 'non-profiled nmethods': size=120032Kb used=82Kb max_used=82Kb free=119949Kb
 bounds [0x0000007f7cce7000, 0x0000007f7cf57000, 0x0000007f8421f000]
CodeHeap 'profiled nmethods': size=120028Kb used=336Kb max_used=336Kb free=119691Kb
 bounds [0x0000007f7521f000, 0x0000007f7548f000, 0x0000007f7c756000]
CodeHeap 'non-nmethods': size=5700Kb used=1109Kb max_used=1137Kb free=4590Kb
 bounds [0x0000007f7c756000, 0x0000007f7c9c6000, 0x0000007f7cce7000]
 total_blobs=661 nmethods=259 adapters=321
 compilation: enabled
              stopped_count=0, restarted_count=0
 full_count=0

Compilation events (20 events):
Event: 1.507 Thread 0x0000007f8c059460  248       4       jdk.internal.misc.Unsafe::putIntUnaligned (14 bytes)
Event: 1.511 Thread 0x0000007f8c059460 nmethod 248 0x0000007f7ccf8a90 code [0x0000007f7ccf8c40, 0x0000007f7ccf8cf0]
Event: 1.511 Thread 0x0000007f8c059460  249       4       com.diozero.ws281xj.LedDriverInterface::setPixelColourRGB (15 bytes)
Event: 1.528 Thread 0x0000007f8c05a980  250       3       jdk.internal.misc.Unsafe::putIntUnaligned (79 bytes)
Event: 1.530 Thread 0x0000007f8c05a980 nmethod 250 0x0000007f75271610 code [0x0000007f75271800, 0x0000007f75271bb8]
Event: 1.532 Thread 0x0000007f8c059460 nmethod 249 0x0000007f7ccf9190 code [0x0000007f7ccf93c0, 0x0000007f7ccf96e0]
Event: 1.532 Thread 0x0000007f8c059460  252       4       jdk.internal.misc.Unsafe::putIntUnaligned (14 bytes)
Event: 1.536 Thread 0x0000007f8c059460 nmethod 252 0x0000007f7ccf9a90 code [0x0000007f7ccf9c40, 0x0000007f7ccf9d30]
Event: 1.568 Thread 0x0000007f8c059460  253       4       java.nio.Buffer::scope (17 bytes)
Event: 1.570 Thread 0x0000007f8c059460 nmethod 253 0x0000007f7ccf9e10 code [0x0000007f7ccf9f80, 0x0000007f7ccfa020]
Event: 1.587 Thread 0x0000007f8c059460  254   !   4       jdk.internal.misc.ScopedMemoryAccess::putIntUnaligned (27 bytes)
Event: 1.593 Thread 0x0000007f8c059460 nmethod 254 0x0000007f7ccfa110 code [0x0000007f7ccfa2c0, 0x0000007f7ccfa3c0]
Event: 3.147 Thread 0x0000007f8c05a980  255       3       led.patterns.AutoBlue::setPixels (65 bytes)
Event: 3.149 Thread 0x0000007f8c05a980 nmethod 255 0x0000007f75271c90 code [0x0000007f75271ec0, 0x0000007f752722f8]
Event: 3.967 Thread 0x0000007f8c059460  256 %     4       led.patterns.AutoBlue::setPixels @ 2 (65 bytes)
Event: 3.998 Thread 0x0000007f8c059460 nmethod 256% 0x0000007f7ccfa510 code [0x0000007f7ccfa740, 0x0000007f7ccfaa80]
Event: 4.507 Thread 0x0000007f8c059460  257       4       led.patterns.AutoBlue::setPixels (65 bytes)
Event: 4.534 Thread 0x0000007f8c059460 nmethod 257 0x0000007f7ccfad90 code [0x0000007f7ccfafc0, 0x0000007f7ccfb270]
Event: 5.707 Thread 0x0000007f8c05a980  258       3       com.diozero.ws281xj.rpiws281x.WS281x::render (36 bytes)
Event: 5.711 Thread 0x0000007f8c05a980 nmethod 258 0x0000007f75272490 code [0x0000007f75272740, 0x0000007f75272e28]

GC Heap History (0 events):
No events

Dll operation events (7 events):
Event: 0.011 Loaded shared library /usr/lib/jvm/java-17-openjdk-arm64/lib/libjava.so
Event: 0.012 Loaded shared library /usr/lib/jvm/java-17-openjdk-arm64/lib/libzip.so
Event: 0.332 Loaded shared library /usr/lib/jvm/java-17-openjdk-arm64/lib/libnio.so
Event: 0.383 Loaded shared library /usr/lib/jvm/java-17-openjdk-arm64/lib/libzip.so
Event: 0.507 Loaded shared library /usr/lib/jvm/java-17-openjdk-arm64/lib/libnet.so
Event: 0.730 Loaded shared library /usr/lib/jvm/java-17-openjdk-arm64/lib/libjimage.so
Event: 1.084 Loaded shared library /tmp/libws281xj1877856342298141295so

Deoptimization events (14 events):
Event: 1.278 Thread 0x0000007f8c142ca0 DEOPT PACKING pc=0x0000007f752706c8 sp=0x0000007f7441b3c0
Event: 1.278 Thread 0x0000007f8c142ca0 DEOPT UNPACKING pc=0x0000007f7c79d77c sp=0x0000007f7441b090 mode 0
Event: 1.286 Thread 0x0000007f8c142ca0 Uncommon trap: trap_request=0xffffff45 fr.pc=0x0000007f7ccf8030 relative=0x00000000000000f0
Event: 1.286 Thread 0x0000007f8c142ca0 Uncommon trap: reason=unstable_if action=reinterpret pc=0x0000007f7ccf8030 method=led.Pattern.run()V @ 42 c2
Event: 1.287 Thread 0x0000007f8c142ca0 DEOPT PACKING pc=0x0000007f7ccf8030 sp=0x0000007f7441b430
Event: 1.287 Thread 0x0000007f8c142ca0 DEOPT UNPACKING pc=0x0000007f7c79d91c sp=0x0000007f7441b380 mode 2
Event: 1.335 Thread 0x0000007f8c142ca0 DEOPT PACKING pc=0x0000007f75271434 sp=0x0000007f7441b3c0
Event: 1.335 Thread 0x0000007f8c142ca0 DEOPT UNPACKING pc=0x0000007f7c79d77c sp=0x0000007f7441b090 mode 0
Event: 1.527 Thread 0x0000007f8c142ca0 Uncommon trap: trap_request=0xffffff5c fr.pc=0x0000007f7ccf8ca0 relative=0x0000000000000060
Event: 1.527 Thread 0x0000007f8c142ca0 Uncommon trap: reason=speculate_null_check action=make_not_entrant pc=0x0000007f7ccf8ca0 method=jdk.internal.misc.Unsafe.putIntUnaligned(Ljava/lang/Object;JIZ)V @ 10 c2
Event: 1.527 Thread 0x0000007f8c142ca0 DEOPT PACKING pc=0x0000007f7ccf8ca0 sp=0x0000007f7441b0f0
Event: 1.527 Thread 0x0000007f8c142ca0 DEOPT UNPACKING pc=0x0000007f7c79d91c sp=0x0000007f7441b050 mode 2
Event: 4.507 Thread 0x0000007f8c142ca0 DEOPT PACKING pc=0x0000007f75272214 sp=0x0000007f7441b3c0
Event: 4.507 Thread 0x0000007f8c142ca0 DEOPT UNPACKING pc=0x0000007f7c79d77c sp=0x0000007f7441b060 mode 0

Classes unloaded (0 events):
No events

Classes redefined (0 events):
No events

Internal exceptions (2 events):
Event: 0.554 Thread 0x0000007f8c012e30 Exception <a 'java/lang/NoSuchMethodError'{0x00000000f1d0f5d8}: 'void java.lang.invoke.DirectMethodHandle$Holder.invokeStatic(java.lang.Object, java.lang.Object)'> (0x00000000f1d0f5d8) 
thrown [./src/hotspot/share/interpreter/linkResolver.cpp, line 758]
Event: 1.091 Thread 0x0000007f8c012e30 Exception <a 'java/lang/NoSuchMethodError'{0x00000000f1db5a98}: 'void java.lang.invoke.DirectMethodHandle$Holder.invokeStaticInit(java.lang.Object)'> (0x00000000f1db5a98) 
thrown [./src/hotspot/share/interpreter/linkResolver.cpp, line 758]

VM Operations (4 events):
Event: 0.389 Executing VM operation: HandshakeAllThreads
Event: 0.389 Executing VM operation: HandshakeAllThreads done
Event: 1.389 Executing VM operation: Cleanup
Event: 1.390 Executing VM operation: Cleanup done

Events (20 events):
Event: 1.134 loading class led/patterns/DisabledRed
Event: 1.134 loading class led/patterns/DisabledRed done
Event: 1.137 loading class led/patterns/DisabledBlue
Event: 1.137 loading class led/patterns/DisabledBlue done
Event: 1.140 loading class led/patterns/AutoRed
Event: 1.141 loading class led/patterns/AutoRed done
Event: 1.146 Thread 0x0000007f8c142ca0 Thread added: 0x0000007f8c142ca0
Event: 1.146 Protecting memory [0x0000007f7421d000,0x0000007f74221000] with protection modes 0
Event: 1.147 Thread 0x0000007f8c012e30 Thread exited: 0x0000007f8c012e30
Event: 1.147 Protecting memory [0x0000007f91bf4000,0x0000007f91bf8000] with protection modes 0
Event: 1.147 Thread 0x0000007f8c012e30 Thread added: 0x0000007f8c012e30
Event: 1.567 loading class jdk/internal/misc/ScopedMemoryAccess$Scope
Event: 1.567 loading class jdk/internal/misc/ScopedMemoryAccess$Scope done
Event: 60.450 loading class jdk/internal/misc/Signal$1
Event: 60.451 loading class jdk/internal/misc/Signal$1 done
Event: 60.453 Thread 0x0000007f60000e20 Thread added: 0x0000007f60000e20
Event: 60.453 Protecting memory [0x0000007f7401d000,0x0000007f74021000] with protection modes 0
Event: 60.455 Thread 0x0000007f38000bc0 Thread added: 0x0000007f38000bc0
Event: 60.455 Protecting memory [0x0000007f3fe00000,0x0000007f3fe04000] with protection modes 0
Event: 60.466 Thread 0x0000007f38000bc0 Thread exited: 0x0000007f38000bc0


Dynamic libraries:
f1c00000-f2150000 rw-p 00000000 00:00 0 
f2150000-f6800000 ---p 00000000 00:00 0 
f6800000-f72b0000 rw-p 00000000 00:00 0 
f72b0000-100000000 ---p 00000000 00:00 0 
800000000-800459000 rw-p 00001000 b3:02 143952                           /usr/lib/jvm/java-17-openjdk-arm64/lib/server/classes.jsa
800459000-800be3000 r--p 0045a000 b3:02 143952                           /usr/lib/jvm/java-17-openjdk-arm64/lib/server/classes.jsa
800be3000-800c00000 ---p 00000000 00:00 0 
800c00000-800c10000 rw-p 00000000 00:00 0 
800c10000-800c40000 ---p 00000000 00:00 0 
800c40000-800c60000 rw-p 00000000 00:00 0 
800c60000-840c00000 ---p 00000000 00:00 0 
555f470000-555f471000 r-xp 00000000 b3:02 143801                         /usr/lib/jvm/java-17-openjdk-arm64/bin/java
555f481000-555f482000 r--p 00001000 b3:02 143801                         /usr/lib/jvm/java-17-openjdk-arm64/bin/java
555f482000-555f483000 rw-p 00002000 b3:02 143801                         /usr/lib/jvm/java-17-openjdk-arm64/bin/java
5579e7b000-5579ec1000 rw-p 00000000 00:00 0                              [heap]
7f34000000-7f34021000 rw-p 00000000 00:00 0 
7f34021000-7f38000000 ---p 00000000 00:00 0 
7f38000000-7f38021000 rw-p 00000000 00:00 0 
7f38021000-7f3c000000 ---p 00000000 00:00 0 
7f3fe00000-7f3fe04000 ---p 00000000 00:00 0 
7f3fe04000-7f40000000 rw-p 00000000 00:00 0 
7f40000000-7f40021000 rw-p 00000000 00:00 0 
7f40021000-7f44000000 ---p 00000000 00:00 0 
7f44000000-7f44021000 rw-p 00000000 00:00 0 
7f44021000-7f48000000 ---p 00000000 00:00 0 
7f48000000-7f48021000 rw-p 00000000 00:00 0 
7f48021000-7f4c000000 ---p 00000000 00:00 0 
7f4c000000-7f4c021000 rw-p 00000000 00:00 0 
7f4c021000-7f50000000 ---p 00000000 00:00 0 
7f50000000-7f500ec000 rw-p 00000000 00:00 0 
7f500ec000-7f54000000 ---p 00000000 00:00 0 
7f54000000-7f54021000 rw-p 00000000 00:00 0 
7f54021000-7f58000000 ---p 00000000 00:00 0 
7f58000000-7f58021000 rw-p 00000000 00:00 0 
7f58021000-7f5c000000 ---p 00000000 00:00 0 
7f5c000000-7f5c0b0000 rw-p 00000000 00:00 0 
7f5c0b0000-7f60000000 ---p 00000000 00:00 0 
7f60000000-7f60021000 rw-p 00000000 00:00 0 
7f60021000-7f64000000 ---p 00000000 00:00 0 
7f64000000-7f64021000 rw-p 00000000 00:00 0 
7f64021000-7f68000000 ---p 00000000 00:00 0 
7f68000000-7f68021000 rw-p 00000000 00:00 0 
7f68021000-7f6c000000 ---p 00000000 00:00 0 
7f6c000000-7f6c021000 rw-p 00000000 00:00 0 
7f6c021000-7f70000000 ---p 00000000 00:00 0 
7f70000000-7f70021000 rw-p 00000000 00:00 0 
7f70021000-7f74000000 ---p 00000000 00:00 0 
7f7401d000-7f74021000 ---p 00000000 00:00 0 
7f74021000-7f7421d000 rw-p 00000000 00:00 0 
7f7421d000-7f74221000 ---p 00000000 00:00 0 
7f74221000-7f7441d000 rw-p 00000000 00:00 0 
7f7441d000-7f74421000 ---p 00000000 00:00 0 
7f74421000-7f7461d000 rw-p 00000000 00:00 0 
7f7461d000-7f7461e000 ---p 00000000 00:00 0 
7f7461e000-7f7481f000 rw-p 00000000 00:00 0 
7f7481f000-7f74823000 ---p 00000000 00:00 0 
7f74823000-7f74a1f000 rw-p 00000000 00:00 0 
7f74a1f000-7f74a23000 ---p 00000000 00:00 0 
7f74a23000-7f74c1f000 rw-p 00000000 00:00 0 
7f74c1f000-7f74c23000 ---p 00000000 00:00 0 
7f74c23000-7f74e1f000 rw-p 00000000 00:00 0 
7f74e1f000-7f74e23000 ---p 00000000 00:00 0 
7f74e23000-7f7501f000 rw-p 00000000 00:00 0 
7f7501f000-7f75023000 ---p 00000000 00:00 0 
7f75023000-7f7521f000 rw-p 00000000 00:00 0 
7f7521f000-7f7548f000 rwxp 00000000 00:00 0 
7f7548f000-7f7c756000 ---p 00000000 00:00 0 
7f7c756000-7f7c9c6000 rwxp 00000000 00:00 0 
7f7c9c6000-7f7cce7000 ---p 00000000 00:00 0 
7f7cce7000-7f7cf57000 rwxp 00000000 00:00 0 
7f7cf57000-7f8421f000 ---p 00000000 00:00 0 
7f8421f000-7f8c000000 r--s 00000000 b3:02 143949                         /usr/lib/jvm/java-17-openjdk-arm64/lib/modules
7f8c000000-7f8c146000 rw-p 00000000 00:00 0 
7f8c146000-7f90000000 ---p 00000000 00:00 0 
7f90119000-7f9011d000 ---p 00000000 00:00 0 
7f9011d000-7f90319000 rw-p 00000000 00:00 0 
7f90319000-7f9031d000 ---p 00000000 00:00 0 
7f9031d000-7f90519000 rw-p 00000000 00:00 0 
7f90519000-7f90800000 r--p 00000000 b3:02 7381                           /usr/lib/locale/locale-archive
7f90800000-7f90804000 ---p 00000000 00:00 0 
7f90804000-7f90a00000 rw-p 00000000 00:00 0 
7f90a00000-7f90a04000 ---p 00000000 00:00 0 
7f90a04000-7f90d20000 rw-p 00000000 00:00 0 
7f90d20000-7f91000000 ---p 00000000 00:00 0 
7f91000000-7f91010000 rw-p 00000000 00:00 0 
7f91010000-7f91400000 ---p 00000000 00:00 0 
7f9150a000-7f91511000 r--s 00000000 b3:02 4302                           /usr/lib/aarch64-linux-gnu/gconv/gconv-modules.cache
7f91511000-7f91516000 r-xp 00000000 b3:02 1091                           /tmp/libws281xj1877856342298141295so (deleted)
7f91516000-7f91526000 ---p 00005000 b3:02 1091                           /tmp/libws281xj1877856342298141295so (deleted)
7f91526000-7f91527000 r--p 00005000 b3:02 1091                           /tmp/libws281xj1877856342298141295so (deleted)
7f91527000-7f91528000 rw-p 00006000 b3:02 1091                           /tmp/libws281xj1877856342298141295so (deleted)
7f91528000-7f91561000 rw-p 00000000 00:00 0 
7f91561000-7f91577000 r-xp 00000000 b3:02 143940                         /usr/lib/jvm/java-17-openjdk-arm64/lib/libnet.so
7f91577000-7f91586000 ---p 00016000 b3:02 143940                         /usr/lib/jvm/java-17-openjdk-arm64/lib/libnet.so
7f91586000-7f91587000 r--p 00015000 b3:02 143940                         /usr/lib/jvm/java-17-openjdk-arm64/lib/libnet.so
7f91587000-7f91588000 rw-p 00016000 b3:02 143940                         /usr/lib/jvm/java-17-openjdk-arm64/lib/libnet.so
7f91588000-7f9159a000 r-xp 00000000 b3:02 143941                         /usr/lib/jvm/java-17-openjdk-arm64/lib/libnio.so
7f9159a000-7f915aa000 ---p 00012000 b3:02 143941                         /usr/lib/jvm/java-17-openjdk-arm64/lib/libnio.so
7f915aa000-7f915ab000 r--p 00012000 b3:02 143941                         /usr/lib/jvm/java-17-openjdk-arm64/lib/libnio.so
7f915ab000-7f915ac000 rw-p 00013000 b3:02 143941                         /usr/lib/jvm/java-17-openjdk-arm64/lib/libnio.so
7f915ac000-7f915ad000 ---p 00000000 00:00 0 
7f915ad000-7f918d1000 rw-p 00000000 00:00 0 
7f918d1000-7f91918000 ---p 00000000 00:00 0 
7f91918000-7f9191b000 rw-p 00000000 00:00 0 
7f9191b000-7f9193e000 ---p 00000000 00:00 0 
7f9193e000-7f91944000 rw-p 00000000 00:00 0 
7f91944000-7f9198a000 ---p 00000000 00:00 0 
7f9198a000-7f91990000 rw-p 00000000 00:00 0 
7f91990000-7f91a76000 ---p 00000000 00:00 0 
7f91a76000-7f91a7b000 rw-p 00000000 00:00 0 
7f91a7b000-7f91b61000 ---p 00000000 00:00 0 
7f91b61000-7f91b66000 rw-p 00000000 00:00 0 
7f91b66000-7f91b6d000 ---p 00000000 00:00 0 
7f91b6d000-7f91b74000 r-xp 00000000 b3:02 143948                         /usr/lib/jvm/java-17-openjdk-arm64/lib/libzip.so
7f91b74000-7f91b84000 ---p 00007000 b3:02 143948                         /usr/lib/jvm/java-17-openjdk-arm64/lib/libzip.so
7f91b84000-7f91b85000 r--p 00007000 b3:02 143948                         /usr/lib/jvm/java-17-openjdk-arm64/lib/libzip.so
7f91b85000-7f91b86000 rw-p 00008000 b3:02 143948                         /usr/lib/jvm/java-17-openjdk-arm64/lib/libzip.so
7f91b86000-7f91baa000 r-xp 00000000 b3:02 143928                         /usr/lib/jvm/java-17-openjdk-arm64/lib/libjava.so
7f91baa000-7f91bb9000 ---p 00024000 b3:02 143928                         /usr/lib/jvm/java-17-openjdk-arm64/lib/libjava.so
7f91bb9000-7f91bba000 r--p 00023000 b3:02 143928                         /usr/lib/jvm/java-17-openjdk-arm64/lib/libjava.so
7f91bba000-7f91bbb000 rw-p 00024000 b3:02 143928                         /usr/lib/jvm/java-17-openjdk-arm64/lib/libjava.so
7f91bbb000-7f91bc6000 r-xp 00000000 b3:02 2330                           /usr/lib/aarch64-linux-gnu/libnss_files-2.31.so
7f91bc6000-7f91bd6000 ---p 0000b000 b3:02 2330                           /usr/lib/aarch64-linux-gnu/libnss_files-2.31.so
7f91bd6000-7f91bd7000 r--p 0000b000 b3:02 2330                           /usr/lib/aarch64-linux-gnu/libnss_files-2.31.so
7f91bd7000-7f91bd8000 rw-p 0000c000 b3:02 2330                           /usr/lib/aarch64-linux-gnu/libnss_files-2.31.so
7f91bd8000-7f91bde000 rw-p 00000000 00:00 0 
7f91bde000-7f91be3000 r-xp 00000000 b3:02 143931                         /usr/lib/jvm/java-17-openjdk-arm64/lib/libjimage.so
7f91be3000-7f91bf2000 ---p 00005000 b3:02 143931                         /usr/lib/jvm/java-17-openjdk-arm64/lib/libjimage.so
7f91bf2000-7f91bf3000 r--p 00004000 b3:02 143931                         /usr/lib/jvm/java-17-openjdk-arm64/lib/libjimage.so
7f91bf3000-7f91bf4000 rw-p 00005000 b3:02 143931                         /usr/lib/jvm/java-17-openjdk-arm64/lib/libjimage.so
7f91bf4000-7f91bf8000 ---p 00000000 00:00 0 
7f91bf8000-7f91df4000 rw-p 00000000 00:00 0 
7f91df4000-7f91e07000 r-xp 00000000 b3:02 5315                           /usr/lib/aarch64-linux-gnu/libgcc_s.so.1
7f91e07000-7f91e16000 ---p 00013000 b3:02 5315                           /usr/lib/aarch64-linux-gnu/libgcc_s.so.1
7f91e16000-7f91e17000 r--p 00012000 b3:02 5315                           /usr/lib/aarch64-linux-gnu/libgcc_s.so.1
7f91e17000-7f91e18000 rw-p 00013000 b3:02 5315                           /usr/lib/aarch64-linux-gnu/libgcc_s.so.1
7f91e18000-7f91eb1000 r-xp 00000000 b3:02 2325                           /usr/lib/aarch64-linux-gnu/libm-2.31.so
7f91eb1000-7f91ec1000 ---p 00099000 b3:02 2325                           /usr/lib/aarch64-linux-gnu/libm-2.31.so
7f91ec1000-7f91ec2000 r--p 00099000 b3:02 2325                           /usr/lib/aarch64-linux-gnu/libm-2.31.so
7f91ec2000-7f91ec3000 rw-p 0009a000 b3:02 2325                           /usr/lib/aarch64-linux-gnu/libm-2.31.so
7f91ec3000-7f9207a000 r-xp 00000000 b3:02 5508                           /usr/lib/aarch64-linux-gnu/libstdc++.so.6.0.28
7f9207a000-7f9208a000 ---p 001b7000 b3:02 5508                           /usr/lib/aarch64-linux-gnu/libstdc++.so.6.0.28
7f9208a000-7f92095000 r--p 001b7000 b3:02 5508                           /usr/lib/aarch64-linux-gnu/libstdc++.so.6.0.28
7f92095000-7f92098000 rw-p 001c2000 b3:02 5508                           /usr/lib/aarch64-linux-gnu/libstdc++.so.6.0.28
7f92098000-7f9209b000 rw-p 00000000 00:00 0 
7f9209b000-7f9320b000 r-xp 00000000 b3:02 143955                         /usr/lib/jvm/java-17-openjdk-arm64/lib/server/libjvm.so
7f9320b000-7f9321b000 ---p 01170000 b3:02 143955                         /usr/lib/jvm/java-17-openjdk-arm64/lib/server/libjvm.so
7f9321b000-7f932eb000 r--p 01170000 b3:02 143955                         /usr/lib/jvm/java-17-openjdk-arm64/lib/server/libjvm.so
7f932eb000-7f9331c000 rw-p 01240000 b3:02 143955                         /usr/lib/jvm/java-17-openjdk-arm64/lib/server/libjvm.so
7f9331c000-7f93399000 rw-p 00000000 00:00 0 
7f93399000-7f933b5000 r-xp 00000000 b3:02 2333                           /usr/lib/aarch64-linux-gnu/libpthread-2.31.so
7f933b5000-7f933c4000 ---p 0001c000 b3:02 2333                           /usr/lib/aarch64-linux-gnu/libpthread-2.31.so
7f933c4000-7f933c5000 r--p 0001b000 b3:02 2333                           /usr/lib/aarch64-linux-gnu/libpthread-2.31.so
7f933c5000-7f933c6000 rw-p 0001c000 b3:02 2333                           /usr/lib/aarch64-linux-gnu/libpthread-2.31.so
7f933c6000-7f933ca000 rw-p 00000000 00:00 0 
7f933ca000-7f933cd000 r-xp 00000000 b3:02 2324                           /usr/lib/aarch64-linux-gnu/libdl-2.31.so
7f933cd000-7f933dc000 ---p 00003000 b3:02 2324                           /usr/lib/aarch64-linux-gnu/libdl-2.31.so
7f933dc000-7f933dd000 r--p 00002000 b3:02 2324                           /usr/lib/aarch64-linux-gnu/libdl-2.31.so
7f933dd000-7f933de000 rw-p 00003000 b3:02 2324                           /usr/lib/aarch64-linux-gnu/libdl-2.31.so
7f933de000-7f933f7000 r-xp 00000000 b3:02 5558                           /usr/lib/aarch64-linux-gnu/libz.so.1.2.11
7f933f7000-7f93406000 ---p 00019000 b3:02 5558                           /usr/lib/aarch64-linux-gnu/libz.so.1.2.11
7f93406000-7f93407000 r--p 00018000 b3:02 5558                           /usr/lib/aarch64-linux-gnu/libz.so.1.2.11
7f93407000-7f93408000 rw-p 00019000 b3:02 5558                           /usr/lib/aarch64-linux-gnu/libz.so.1.2.11
7f93408000-7f93565000 r-xp 00000000 b3:02 2323                           /usr/lib/aarch64-linux-gnu/libc-2.31.so
7f93565000-7f93574000 ---p 0015d000 b3:02 2323                           /usr/lib/aarch64-linux-gnu/libc-2.31.so
7f93574000-7f93578000 r--p 0015c000 b3:02 2323                           /usr/lib/aarch64-linux-gnu/libc-2.31.so
7f93578000-7f9357a000 rw-p 00160000 b3:02 2323                           /usr/lib/aarch64-linux-gnu/libc-2.31.so
7f9357a000-7f9357d000 rw-p 00000000 00:00 0 
7f9357d000-7f9357e000 rw-s 3f101000 00:05 5                              /dev/mem
7f9357e000-7f9357f000 rw-s 3f200000 00:05 5                              /dev/mem
7f9357f000-7f93580000 rw-s 3f20c000 00:05 5                              /dev/mem
7f93580000-7f93588000 rw-s 00000000 b3:02 262539                         /tmp/hsperfdata_root/15284
7f93588000-7f93596000 r-xp 00000000 b3:02 143932                         /usr/lib/jvm/java-17-openjdk-arm64/lib/libjli.so
7f93596000-7f935a5000 ---p 0000e000 b3:02 143932                         /usr/lib/jvm/java-17-openjdk-arm64/lib/libjli.so
7f935a5000-7f935a6000 r--p 0000d000 b3:02 143932                         /usr/lib/jvm/java-17-openjdk-arm64/lib/libjli.so
7f935a6000-7f935a7000 rw-p 0000e000 b3:02 143932                         /usr/lib/jvm/java-17-openjdk-arm64/lib/libjli.so
7f935a7000-7f935c9000 r-xp 00000000 b3:02 2319                           /usr/lib/aarch64-linux-gnu/ld-2.31.so
7f935c9000-7f935ca000 rw-s 3f007000 00:05 5                              /dev/mem
7f935ca000-7f935cc000 rw-s 3ebf8000 00:05 5                              /dev/mem
7f935cc000-7f935ce000 r--s 0000c000 b3:02 14386                          /usr/share/java/java-atk-wrapper.jar
7f935ce000-7f935cf000 ---p 00000000 00:00 0 
7f935cf000-7f935d0000 r--p 00000000 00:00 0 
7f935d0000-7f935d1000 ---p 00000000 00:00 0 
7f935d1000-7f935d5000 rw-p 00000000 00:00 0 
7f935d5000-7f935d7000 r--p 00000000 00:00 0                              [vvar]
7f935d7000-7f935d8000 r-xp 00000000 00:00 0                              [vdso]
7f935d8000-7f935d9000 r--p 00021000 b3:02 2319                           /usr/lib/aarch64-linux-gnu/ld-2.31.so
7f935d9000-7f935db000 rw-p 00022000 b3:02 2319                           /usr/lib/aarch64-linux-gnu/ld-2.31.so
7fe9f1d000-7fe9f3e000 rw-p 00000000 00:00 0                              [stack]


VM Arguments:
java_command: build/libs/all-in-one-jar-1.0-SNAPSHOT.jar
java_class_path (initial): build/libs/all-in-one-jar-1.0-SNAPSHOT.jar
Launcher Type: SUN_STANDARD

[Global flags]
     intx CICompilerCount                          = 3                                         {product} {ergonomic}
   size_t InitialHeapSize                          = 16777216                                  {product} {ergonomic}
   size_t MaxHeapSize                              = 239075328                                 {product} {ergonomic}
   size_t MaxNewSize                               = 79691776                                  {product} {ergonomic}
   size_t MinHeapDeltaBytes                        = 196608                                    {product} {ergonomic}
   size_t MinHeapSize                              = 8388608                                   {product} {ergonomic}
   size_t NewSize                                  = 5570560                                   {product} {ergonomic}
    uintx NonNMethodCodeHeapSize                   = 5832908                                {pd product} {ergonomic}
    uintx NonProfiledCodeHeapSize                  = 122912666                              {pd product} {ergonomic}
   size_t OldSize                                  = 11206656                                  {product} {ergonomic}
    uintx ProfiledCodeHeapSize                     = 122912666                              {pd product} {ergonomic}
    uintx ReservedCodeCacheSize                    = 251658240                              {pd product} {ergonomic}
     bool SegmentedCodeCache                       = true                                      {product} {ergonomic}
   size_t SoftMaxHeapSize                          = 239075328                              {manageable} {ergonomic}
     bool UseCompressedClassPointers               = true                           {product lp64_product} {ergonomic}
     bool UseCompressedOops                        = true                           {product lp64_product} {ergonomic}
     bool UseSerialGC                              = true                                      {product} {ergonomic}

Logging:
Log output configuration:
 #0: stdout all=warning uptime,level,tags
 #1: stderr all=off uptime,level,tags

Environment Variables:
PATH=/usr/local/sbin:/usr/local/bin:/usr/sbin:/usr/bin:/sbin:/bin
SHELL=/bin/bash
LANG=en_GB.UTF-8
TERM=screen

Signal Handlers:
   SIGSEGV: 0x0000007f92ed52c0 in libjvm.so+14918336, mask=11100100010111111101111111111110, flags=SA_RESTART|SA_SIGINFO
    SIGBUS: 0x0000007f92ed52c0 in libjvm.so+14918336, mask=11100100010111111101111111111110, flags=SA_RESTART|SA_SIGINFO
    SIGFPE: 0x0000007f92ed52c0 in libjvm.so+14918336, mask=11100100010111111101111111111110, flags=SA_RESTART|SA_SIGINFO
   SIGPIPE: 0x0000007f92d89df0 in libjvm.so+13561328, mask=11100100010111111101111111111110, flags=SA_RESTART|SA_SIGINFO
   SIGXFSZ: 0x0000007f92d89df0 in libjvm.so+13561328, mask=11100100010111111101111111111110, flags=SA_RESTART|SA_SIGINFO
    SIGILL: 0x0000007f92ed52c0 in libjvm.so+14918336, mask=11100100010111111101111111111110, flags=SA_RESTART|SA_SIGINFO
   SIGUSR2: 0x0000007f92d894e4 in libjvm.so+13559012, mask=00000000000000000000000000000000, flags=SA_RESTART|SA_SIGINFO
    SIGHUP: 0x0000007f92d89414 in libjvm.so+13558804, mask=11100100010111111101111111111110, flags=SA_RESTART|SA_SIGINFO
    SIGINT: 0x0000007f92d89414 in libjvm.so+13558804, mask=11100100010111111101111111111110, flags=SA_RESTART|SA_SIGINFO
   SIGTERM: 0x0000007f92d89414 in libjvm.so+13558804, mask=11100100010111111101111111111110, flags=SA_RESTART|SA_SIGINFO
   SIGQUIT: 0x0000007f92d89414 in libjvm.so+13558804, mask=11100100010111111101111111111110, flags=SA_RESTART|SA_SIGINFO
   SIGTRAP: 0x0000007f92ed52c0 in libjvm.so+14918336, mask=11100100010111111101111111111110, flags=SA_RESTART|SA_SIGINFO


---------------  S Y S T E M  ---------------

OS:
PRETTY_NAME="Debian GNU/Linux 11 (bullseye)"
NAME="Debian GNU/Linux"
VERSION_ID="11"
VERSION="11 (bullseye)"
VERSION_CODENAME=bullseye
ID=debian
HOME_URL="https://www.debian.org/"
SUPPORT_URL="https://www.debian.org/support"
BUG_REPORT_URL="https://bugs.debian.org/"
uname: Linux 5.15.84-v8+ #1613 SMP PREEMPT Thu Jan 5 12:03:08 GMT 2023 aarch64
OS uptime: 0 days 0:16 hours
libc: glibc 2.31 NPTL 2.31 
rlimit (soft/hard): STACK 8192k/infinity , CORE 0k/infinity , NPROC 2599/2599 , NOFILE 1048576/1048576 , AS infinity/infinity , CPU infinity/infinity , DATA infinity/infinity , FSIZE infinity/infinity , MEMLOCK 116432k/116432k
load average: 1.03 1.36 0.85

/proc/meminfo:
MemTotal:         931460 kB
MemFree:          343960 kB
MemAvailable:     499728 kB
Buffers:           16216 kB
Cached:           175264 kB
SwapCached:            0 kB
Active:            91856 kB
Inactive:         415888 kB
Active(anon):        792 kB
Inactive(anon):   316488 kB
Active(file):      91064 kB
Inactive(file):    99400 kB
Unevictable:          16 kB
Mlocked:              16 kB
SwapTotal:        102396 kB
SwapFree:         102396 kB
Dirty:                68 kB
Writeback:             0 kB
AnonPages:        316380 kB
Mapped:            80256 kB
Shmem:              1016 kB
KReclaimable:      20716 kB
Slab:              42880 kB
SReclaimable:      20716 kB
SUnreclaim:        22164 kB
KernelStack:        3168 kB
PageTables:         3376 kB
NFS_Unstable:          0 kB
Bounce:                0 kB
WritebackTmp:          0 kB
CommitLimit:      568124 kB
Committed_AS:     709608 kB
VmallocTotal:   259653632 kB
VmallocUsed:       10128 kB
VmallocChunk:          0 kB
Percpu:              640 kB
CmaTotal:         262144 kB
CmaFree:          231468 kB

/sys/kernel/mm/transparent_hugepage/enabled: <Not Available>
/sys/kernel/mm/transparent_hugepage/defrag (defrag/compaction efforts parameter): <Not Available>

Process Memory:
Virtual Size: 2791444K (peak: 2791444K)
Resident Set Size: 39028K (peak: 39028K) (anon: 13360K, file: 25668K, shmem: 0K)
Swapped out: 0K

[error occurred during error reporting (printing OS information), id 0xb, SIGSEGV (0xb) at pc=0x0000007f9347d2b0]

CPU: total 4 (initial active 4) 0x41:0x0:0xd03:4, fp, simd, evtstrm, crc, a53mac
/proc/cpuinfo:
processor	: 0
BogoMIPS	: 38.40
Features	: fp asimd evtstrm crc32 cpuid
CPU implementer	: 0x41
CPU architecture: 8
CPU variant	: 0x0
CPU part	: 0xd03
CPU revision	: 4

processor	: 1
BogoMIPS	: 38.40
Features	: fp asimd evtstrm crc32 cpuid
CPU implementer	: 0x41
CPU architecture: 8
CPU variant	: 0x0
CPU part	: 0xd03
CPU revision	: 4

processor	: 2
BogoMIPS	: 38.40
Features	: fp asimd evtstrm crc32 cpuid
CPU implementer	: 0x41
CPU architecture: 8
CPU variant	: 0x0
CPU part	: 0xd03
CPU revision	: 4

processor	: 3
BogoMIPS	: 38.40
Features	: fp asimd evtstrm crc32 cpuid
CPU implementer	: 0x41
CPU architecture: 8
CPU variant	: 0x0
CPU part	: 0xd03
CPU revision	: 4

Hardware	: BCM2835
Revision	: a02082
Serial		: 00000000f423ad31
Model		: Raspberry Pi 3 Model B Rev 1.2

Online cpus: 0-3
Offline cpus: 

Memory: 4k page, physical 931460k(343960k free), swap 102396k(102396k free)
Page Sizes: 4k

vm_info: OpenJDK 64-Bit Server VM (17.0.6+10-Debian-1deb11u1) for linux-aarch64 JRE (17.0.6+10-Debian-1deb11u1), built on Jan 28 2023 19:12:02 by "buildd" with gcc 10.2.1 20210110

END.
