#
# A fatal error has been detected by the Java Runtime Environment:
#
#  SIGSEGV (0xb) at pc=0x0000007fb587dfc0, pid=7920, tid=7934
#
# JRE version: OpenJDK Runtime Environment (17.0.6+10) (build 17.0.6+10-Debian-1deb11u1)
# Java VM: OpenJDK 64-Bit Server VM (17.0.6+10-Debian-1deb11u1, mixed mode, sharing, tiered, compressed oops, compressed class ptrs, serial gc, linux-aarch64)
# Problematic frame:
# C  [libws281xj6630643516305867944so+0x2fc0]  ws2811_render+0xc8
#
# No core dump will be written. Core dumps have been disabled. To enable core dumping, try "ulimit -c unlimited" before starting Java again
#
# If you would like to submit a bug report, please visit:
#   https://bugs.debian.org/openjdk-17
# The crash happened outside the Java Virtual Machine in native code.
# See problematic frame for where to report the bug.
#

---------------  S U M M A R Y ------------

Command Line: build/libs/all-in-one-jar-1.0-SNAPSHOT.jar

Host: AArch64, 4 cores, 909M, Debian GNU/Linux 11 (bullseye)
Time: Sun Feb 26 07:50:42 2023 GMT elapsed time: 40.320684 seconds (0d 0h 0m 40s)

---------------  T H R E A D  ---------------

Current thread (0x0000007fb0132bf0):  JavaThread "Thread-0" [_thread_in_native, id=7934, stack(0x0000007f9841d000,0x0000007f9861d000)]

Stack: [0x0000007f9841d000,0x0000007f9861d000],  sp=0x0000007f9861b280,  free space=2040k
Native frames: (J=compiled Java code, j=interpreted, Vv=VM code, C=native code)
C  [libws281xj6630643516305867944so+0x2fc0]  ws2811_render+0xc8
J 257  com.diozero.ws281xj.rpiws281x.WS281xNative.render()I (0 bytes) @ 0x0000007fa0cfb338 [0x0000007fa0cfb2c0+0x0000000000000078]
C  0x0000007fb5403330

Java frames: (J=compiled Java code, j=interpreted, Vv=VM code)
J 257  com.diozero.ws281xj.rpiws281x.WS281xNative.render()I (0 bytes) @ 0x0000007fa0cfb338 [0x0000007fa0cfb2c0+0x0000000000000078]
J 256 c1 com.diozero.ws281xj.rpiws281x.WS281x.render()V (36 bytes) @ 0x0000007f99272154 [0x0000007f992720c0+0x0000000000000094]
J 255 c2 led.patterns.AutoBlue.setPixels()V (56 bytes) @ 0x0000007fa0cface4 [0x0000007fa0cfaa40+0x00000000000002a4]
J 245% c2 led.Pattern.run()V (59 bytes) @ 0x0000007fa0cf8350 [0x0000007fa0cf8240+0x0000000000000110]
j  java.lang.Thread.run()V+11 java.base@17.0.6
v  ~StubRoutines::call_stub

siginfo: si_signo: 11 (SIGSEGV), si_code: 1 (SEGV_MAPERR), si_addr: 0x00000000000002c0

Register to memory mapping:

R0=0x0000000000000000
R1=0x000000000000001f
R2=0x00000000ffffffff
R3=0x0000000024db6db6
R4=0x0000000000000010
R5=0x0000007fb7732020
R6=0x0000000000000318
R7=0x0000000000000008
R8=0x0000000000000000
R9=0x0000000000000001
R10=0x00000000000000ff
R11=0x0000007fb58911a4
R12=0x0000000000000002
R13=0x0000000000000000
R14=0x0000007f9861b2d0
R15=0x0000000000000006
R16=0x0000000000000004
R17=0x0000000000000003
R18=0x0000000000000100
R19=0x0000007fb5891180
R20=0x0000000000002328
R21=0x0000000000000001
R22=0x0000007f9861b2d0
R23=0x0000000000000000
R24=0x0000000000000316
R25=0x0000007fb0130da0
R26=0x00000000f1dbc8f0
R27=0x0000000000000125
R28=0x0000007fb0132bf0
R29=0x0000007f9861b280
R30=0x00000000000000b0


Registers:
R0 =0x0 is NULL
R1 =0x000000000000001f is an unknown value
R2 =0x00000000ffffffff is an unallocated location in the heap
R3 =0x0000000024db6db6 is an unknown value
R4 =0x0000000000000010 is an unknown value
R5 =0x0000007fb7732020 points into unknown readable memory: 0x0000000092492492 | 92 24 49 92 00 00 00 00
R6 =0x0000000000000318 is an unknown value
R7 =0x0000000000000008 is an unknown value
R8 =0x0 is NULL
R9 =0x0000000000000001 is an unknown value
R10=0x00000000000000ff is an unknown value
R11=0x0000007fb58911a4: led_string+0x0000000000000024 in /tmp/libws281xj6630643516305867944so at 0x0000007fb587b000
R12=0x0000000000000002 is an unknown value
R13=0x0 is NULL
R14=0x0000007f9861b2d0 is pointing into the stack for thread: 0x0000007fb0132bf0
R15=0x0000000000000006 is an unknown value
R16=0x0000000000000004 is an unknown value
R17=0x0000000000000003 is an unknown value
R18=0x0000000000000100 is an unknown value
R19=0x0000007fb5891180: led_string+0x0000000000000000 in /tmp/libws281xj6630643516305867944so at 0x0000007fb587b000
R20=0x0000000000002328 is an unknown value
R21=0x0000000000000001 is an unknown value
R22=0x0000007f9861b2d0 is pointing into the stack for thread: 0x0000007fb0132bf0
R23=0x0 is NULL
R24=0x0000000000000316 is an unknown value
R25=0x0000007fb0130da0 points into unknown readable memory: 0x0000007fb0079d40 | 40 9d 07 b0 7f 00 00 00
R26=0x00000000f1dbc8f0 is an oop: java.nio.DirectByteBuffer 
{0x00000000f1dbc8f0} - klass: 'java/nio/DirectByteBuffer'
 - ---- fields (total size 8 words):
 - private 'mark' 'I' @12  -1 (ffffffff)
 - 'address' 'J' @16  548414885280 (b0130da0 7f)
 - private 'position' 'I' @24  0
 - private 'limit' 'I' @28  1200 (4b0)
 - private 'capacity' 'I' @32  1200 (4b0)
 - final 'segment' 'Ljdk/internal/access/foreign/MemorySegmentProxy;' @36  NULL (0)
 - final 'offset' 'I' @40  0
 - 'isReadOnly' 'Z' @44  false
 - 'bigEndian' 'Z' @45  false
 - 'nativeByteOrder' 'Z' @46  true
 - final 'hb' '[B' @48  NULL (0)
 - private final 'isSync' 'Z' @47  false
 - private final 'fd' 'Ljava/io/FileDescriptor;' @52  NULL (0)
 - private final 'att' 'Ljava/lang/Object;' @56  NULL (0)
 - private final 'cleaner' 'Ljdk/internal/ref/Cleaner;' @60  NULL (0)
R27=0x0000000000000125 is an unknown value
R28=0x0000007fb0132bf0 is a thread
R29=0x0000007f9861b280 is pointing into the stack for thread: 0x0000007fb0132bf0
R30=0x00000000000000b0 is an unknown value

Top of Stack: (sp=0x0000007f9861b280)
0x0000007f9861b280:   0000007f9861b340 0000007fa0cfb338
0x0000007f9861b290:   00000000f1cf6b20 0000000000000128
0x0000007f9861b2a0:   000000000000012c 000000000000012c
0x0000007f9861b2b0:   000000000000012c 00000000000004b0
0x0000007f9861b2c0:   0000007fb0130da0 00000000f1dbc8f0
0x0000007f9861b2d0:   0000007fffff00fe 0000007fb760efd0
0x0000007f9861b2e0:   0000000000000001 00000000f1cf6b20
0x0000007f9861b2f0:   0000000000000128 000000000000012c
0x0000007f9861b300:   000000000000012c 000000000000012c
0x0000007f9861b310:   00000000000004b0 0000007fb0130da0
0x0000007f9861b320:   00000000f1dbc8f0 0000000000000125
0x0000007f9861b330:   00000000f1db5020 0000007f9861b340
0x0000007f9861b340:   0000000000000004 0000007f99272154
0x0000007f9861b350:   ffffffffffffffff 0000007fb5403330
0x0000007f9861b360:   0000007f9861b360 0000007fb5403300
0x0000007f9861b370:   0000007f9861b3d0 0000007fb5404000
0x0000007f9861b380:   00000000f1cee898 0000000000000000
0x0000007f9861b390:   0000007fb540eeb8 0000007fb5403330
0x0000007f9861b3a0:   0000000000000000 0000007f9861b3e0
0x0000007f9861b3b0:   0000000000000004 0000007fa0cface4
0x0000007f9861b3c0:   00000000f1cf6b20 0000000000000000
0x0000007f9861b3d0:   0000000000000004 0000007fa0cface4
0x0000007f9861b3e0:   0000009058711ad6 0000000000c00c48
0x0000007f9861b3f0:   00000000f1dc0420 0000007fa0cf8304
0x0000007f9861b400:   000000000000026b 00000000392aada6
0x0000007f9861b410:   00000000f1dc0420 0000007fa0cf8350
0x0000007f9861b420:   3ff0000000000000 417312d000000000
0x0000007f9861b430:   3ff00000f15458da 0000009058711ba6
0x0000007f9861b440:   00000000f1dc0420 3ff0000c00c00c48
0x0000007f9861b450:   0000007f992707a8 00000087433b0e7f
0x0000007f9861b460:   0000007f9861b4f0 0000007fa075c508
0x0000007f9861b470:   deaddeaf00000000 417312d000000000 

Instructions: (pc=0x0000007fb587dfc0)
0x0000007fb587dec0:   97fffc7a f9400660 97fffc12 aa1303e0
0x0000007fb587ded0:   a94153f3 a8c27bfd 17fffae6 97fffc5f
0x0000007fb587dee0:   f9400660 97fffc0b aa1303e0 a94153f3
0x0000007fb587def0:   a8c27bfd 17fffadf a9b97bfd 9100900b
0x0000007fb587df00:   52800022 910003fd a90153f3 aa0003f3
0x0000007fb587df10:   39405172 f9400400 a9025bf5 528000e3
0x0000007fb587df20:   a90363f7 528003e1 b9400015 f9400405
0x0000007fb587df30:   71000ebf b9400960 1a810061 6b0202bf
0x0000007fb587df40:   5280004c 2a0203e9 1a82018c 52800014
0x0000007fb587df50:   52800017 52800090 1e6e9001 910143f6
0x0000007fb587df60:   528000cf 11000652 72040c1f 540014c0
0x0000007fb587df70:   52800080 2a0003f1 b9400562 1b007c40
0x0000007fb587df80:   531d7000 1e620000 1e610800 1e790000
0x0000007fb587df90:   6b00029f 1a802294 7100005f 54000ced
0x0000007fb587dfa0:   2a1703e6 d280001e 52800008 f840c160
0x0000007fb587dfb0:   aa1603ee 39405967 5280000d 39405d64
0x0000007fb587dfc0:   b87e7800 39406162 f841c163 1ac72407
0x0000007fb587dfd0:   12001ce7 1ac42404 12001c84 3940556a
0x0000007fb587dfe0:   1ac22402 12001c42 1b127ce7 1b127c84
0x0000007fb587dff0:   1aca2400 1b127c42 12001c00 53087ce7
0x0000007fb587e000:   53087c84 53087c42 1b127c00 3867486a
0x0000007fb587e010:   390143ea 53087c00 38644864 390147e4
0x0000007fb587e020:   38624862 39014be2 38604860 39014fe0
0x0000007fb587e030:   528000e7 d503201f 1ac72944 710006bf
0x0000007fb587e040:   12000084 54000620 b9400160 34000640
0x0000007fb587e050:   35000044 52800064 52800042 1ac22883
0x0000007fb587e060:   93407cd8 71000ebf 12000063 1ac12120
0x0000007fb587e070:   540002e0 7100007f b87878a3 0a200063
0x0000007fb587e080:   2a030000 1a831000 b83878a0 71000421
0x0000007fb587e090:   54000065 0b0c00c6 528003e1 51000442
0x0000007fb587e0a0:   3100045f 54fffdc1 510004e7 310004ff
0x0000007fb587e0b0:   54fffc41 110005ad 910005ce 6b1101bf 


Stack slot to memory mapping:
stack at sp + 0 slots: 0x0000007f9861b340 is pointing into the stack for thread: 0x0000007fb0132bf0
stack at sp + 1 slots: 0x0000007fa0cfb338 is at entry_point+120 in (nmethod*)0x0000007fa0cfb110
stack at sp + 2 slots: 0x00000000f1cf6b20 is an oop: led.LEDStrip 
{0x00000000f1cf6b20} - klass: 'led/LEDStrip'
 - ---- fields (total size 3 words):
 - private 'numPixels' 'I' @12  300 (12c)
 - private 'ch0LedBuffer' 'Ljava/nio/ByteBuffer;' @16  a 'java/nio/DirectByteBuffer'{0x00000000f1dbc8f0} (f1dbc8f0)
stack at sp + 3 slots: 0x0000000000000128 is an unknown value
stack at sp + 4 slots: 0x000000000000012c is an unknown value
stack at sp + 5 slots: 0x000000000000012c is an unknown value
stack at sp + 6 slots: 0x000000000000012c is an unknown value
stack at sp + 7 slots: 0x00000000000004b0 is an unknown value


---------------  P R O C E S S  ---------------

Threads class SMR info:
_java_thread_list=0x0000007f54000b60, length=14, elements={
0x0000007fb004d8e0, 0x0000007fb004ed80, 0x0000007fb0055320, 0x0000007fb0056730,
0x0000007fb0057b30, 0x0000007fb0059460, 0x0000007fb005a980, 0x0000007fb005be00,
0x0000007fb00bfd80, 0x0000007fb00c2c90, 0x0000007fb0132bf0, 0x0000007fb0012e30,
0x0000007f84000e20, 0x0000007f84001eb0
}

Java Threads: ( => current thread )
  0x0000007fb004d8e0 JavaThread "Reference Handler" daemon [_thread_blocked, id=7923, stack(0x0000007fb4bfe000,0x0000007fb4dfe000)]
  0x0000007fb004ed80 JavaThread "Finalizer" daemon [_thread_blocked, id=7924, stack(0x0000007fb49fe000,0x0000007fb4bfe000)]
  0x0000007fb0055320 JavaThread "Signal Dispatcher" daemon [_thread_blocked, id=7925, stack(0x0000007fb4517000,0x0000007fb4717000)]
  0x0000007fb0056730 JavaThread "Service Thread" daemon [_thread_blocked, id=7926, stack(0x0000007fb4317000,0x0000007fb4517000)]
  0x0000007fb0057b30 JavaThread "Monitor Deflation Thread" daemon [_thread_blocked, id=7927, stack(0x0000007fb4117000,0x0000007fb4317000)]
  0x0000007fb0059460 JavaThread "C2 CompilerThread0" daemon [_thread_blocked, id=7928, stack(0x0000007f9901f000,0x0000007f9921f000)]
  0x0000007fb005a980 JavaThread "C1 CompilerThread0" daemon [_thread_blocked, id=7929, stack(0x0000007f98e1f000,0x0000007f9901f000)]
  0x0000007fb005be00 JavaThread "Sweeper thread" daemon [_thread_blocked, id=7930, stack(0x0000007f98c1f000,0x0000007f98e1f000)]
  0x0000007fb00bfd80 JavaThread "Notification Thread" daemon [_thread_blocked, id=7931, stack(0x0000007f98a1f000,0x0000007f98c1f000)]
  0x0000007fb00c2c90 JavaThread "Common-Cleaner" daemon [_thread_blocked, id=7933, stack(0x0000007f9861d000,0x0000007f9881d000)]
=>0x0000007fb0132bf0 JavaThread "Thread-0" [_thread_in_native, id=7934, stack(0x0000007f9841d000,0x0000007f9861d000)]
  0x0000007fb0012e30 JavaThread "DestroyJavaVM" [_thread_blocked, id=7921, stack(0x0000007fb5d5c000,0x0000007fb5f5c000)]
  0x0000007f84000e20 JavaThread "SIGINT handler" daemon [_thread_blocked, id=8611, stack(0x0000007f9821d000,0x0000007f9841d000)]
  0x0000007f84001eb0 JavaThread "SIGINT handler" daemon [_thread_blocked, id=8612, stack(0x0000007f9801d000,0x0000007f9821d000)]

Other Threads:
  0x0000007fb00490b0 VMThread "VM Thread" [stack: 0x0000007fb4e00000,0x0000007fb5000000] [id=7922]
  0x0000007fb00c16c0 WatcherThread [stack: 0x0000007f9881f000,0x0000007f98a1f000] [id=7932]

Threads with active compile tasks:

VM state: not at safepoint (normal execution)

VM Mutex/Monitor currently owned by a thread: None

Heap address: 0x00000000f1c00000, size: 228 MB, Compressed Oops mode: 32-bit

CDS archive(s) mapped at: [0x0000000800000000-0x0000000800be3000-0x0000000800be3000), size 12464128, SharedBaseAddress: 0x0000000800000000, ArchiveRelocationMode: 0.
Compressed class space mapped at: 0x0000000800c00000-0x0000000840c00000, reserved size: 1073741824
Narrow klass base: 0x0000000800000000, Narrow klass shift: 0, Narrow klass range: 0x100000000

GC Precious Log:
 CPUs: 4 total, 4 available
 Memory: 909M
 Large Page Support: Disabled
 NUMA Support: Disabled
 Compressed Oops: Enabled (32-bit)
 Heap Min Capacity: 8M
 Heap Initial Capacity: 16M
 Heap Max Capacity: 228M
 Pre-touch: Disabled

Heap:
 def new generation   total 4928K, used 2274K [0x00000000f1c00000, 0x00000000f2150000, 0x00000000f6800000)
  eden space 4416K,  51% used [0x00000000f1c00000, 0x00000000f1e38a60, 0x00000000f2050000)
  from space 512K,   0% used [0x00000000f2050000, 0x00000000f2050000, 0x00000000f20d0000)
  to   space 512K,   0% used [0x00000000f20d0000, 0x00000000f20d0000, 0x00000000f2150000)
 tenured generation   total 10944K, used 0K [0x00000000f6800000, 0x00000000f72b0000, 0x0000000100000000)
   the space 10944K,   0% used [0x00000000f6800000, 0x00000000f6800000, 0x00000000f6800200, 0x00000000f72b0000)
 Metaspace       used 1312K, committed 1408K, reserved 1056768K
  class space    used 130K, committed 192K, reserved 1048576K

Card table byte_map: [0x0000007fb5a80000,0x0000007fb5af3000] _byte_map_base: 0x0000007fb52f2000

Polling page: 0x0000007fb7736000

Metaspace:

Usage:
  Non-class:      1.15 MB used.
      Class:    130.62 KB used.
       Both:      1.28 MB used.

Virtual space:
  Non-class space:        8.00 MB reserved,       1.19 MB ( 15%) committed,  1 nodes.
      Class space:        1.00 GB reserved,     192.00 KB ( <1%) committed,  1 nodes.
             Both:        1.01 GB reserved,       1.38 MB ( <1%) committed. 

Chunk freelists:
   Non-Class:  3.94 MB
       Class:  3.72 MB
        Both:  7.66 MB

MaxMetaspaceSize: unlimited
CompressedClassSpaceSize: 1.00 GB
Initial GC threshold: 21.00 MB
Current GC threshold: 21.00 MB
CDS: on
MetaspaceReclaimPolicy: balanced
 - commit_granule_bytes: 65536.
 - commit_granule_words: 8192.
 - virtual_space_node_default_size: 1048576.
 - enlarge_chunks_in_place: 1.
 - new_chunks_are_fully_committed: 0.
 - uncommit_free_chunks: 1.
 - use_allocation_guard: 0.
 - handle_deallocations: 1.


Internal statistics:

num_allocs_failed_limit: 0.
num_arena_births: 10.
num_arena_deaths: 0.
num_vsnodes_births: 2.
num_vsnodes_deaths: 0.
num_space_committed: 22.
num_space_uncommitted: 0.
num_chunks_returned_to_freelist: 0.
num_chunks_taken_from_freelist: 19.
num_chunk_merges: 0.
num_chunk_splits: 9.
num_chunks_enlarged: 7.
num_purges: 0.
num_inconsistent_stats: 0.

CodeHeap 'non-profiled nmethods': size=120032Kb used=81Kb max_used=81Kb free=119950Kb
 bounds [0x0000007fa0ce7000, 0x0000007fa0f57000, 0x0000007fa821f000]
CodeHeap 'profiled nmethods': size=120028Kb used=334Kb max_used=334Kb free=119693Kb
 bounds [0x0000007f9921f000, 0x0000007f9948f000, 0x0000007fa0756000]
CodeHeap 'non-nmethods': size=5700Kb used=1109Kb max_used=1137Kb free=4590Kb
 bounds [0x0000007fa0756000, 0x0000007fa09c6000, 0x0000007fa0ce7000]
 total_blobs=659 nmethods=257 adapters=321
 compilation: enabled
              stopped_count=0, restarted_count=0
 full_count=0

Compilation events (20 events):
Event: 1.511 Thread 0x0000007fb0059460  246       4       jdk.internal.misc.Unsafe::putIntUnaligned (14 bytes)
Event: 1.515 Thread 0x0000007fb0059460 nmethod 246 0x0000007fa0cf8610 code [0x0000007fa0cf87c0, 0x0000007fa0cf8870]
Event: 1.515 Thread 0x0000007fb0059460  247       4       com.diozero.ws281xj.LedDriverInterface::setPixelColourRGB (15 bytes)
Event: 1.532 Thread 0x0000007fb005a980  248       3       jdk.internal.misc.Unsafe::putIntUnaligned (79 bytes)
Event: 1.534 Thread 0x0000007fb005a980 nmethod 248 0x0000007f99271010 code [0x0000007f99271200, 0x0000007f992715b8]
Event: 1.538 Thread 0x0000007fb0059460 nmethod 247 0x0000007fa0cf8d10 code [0x0000007fa0cf8f40, 0x0000007fa0cf9260]
Event: 1.538 Thread 0x0000007fb0059460  250       4       jdk.internal.misc.Unsafe::putIntUnaligned (14 bytes)
Event: 1.542 Thread 0x0000007fb0059460 nmethod 250 0x0000007fa0cf9610 code [0x0000007fa0cf97c0, 0x0000007fa0cf98b0]
Event: 1.572 Thread 0x0000007fb0059460  251       4       java.nio.Buffer::scope (17 bytes)
Event: 1.575 Thread 0x0000007fb0059460 nmethod 251 0x0000007fa0cf9990 code [0x0000007fa0cf9b00, 0x0000007fa0cf9ba0]
Event: 1.591 Thread 0x0000007fb0059460  252   !   4       jdk.internal.misc.ScopedMemoryAccess::putIntUnaligned (27 bytes)
Event: 1.597 Thread 0x0000007fb0059460 nmethod 252 0x0000007fa0cf9c90 code [0x0000007fa0cf9e40, 0x0000007fa0cf9f40]
Event: 3.171 Thread 0x0000007fb005a980  253       3       led.patterns.AutoBlue::setPixels (56 bytes)
Event: 3.173 Thread 0x0000007fb005a980 nmethod 253 0x0000007f99271690 code [0x0000007f992718c0, 0x0000007f99271cb8]
Event: 3.991 Thread 0x0000007fb0059460  254 %     4       led.patterns.AutoBlue::setPixels @ 2 (56 bytes)
Event: 4.017 Thread 0x0000007fb0059460 nmethod 254% 0x0000007fa0cfa090 code [0x0000007fa0cfa2c0, 0x0000007fa0cfa530]
Event: 4.531 Thread 0x0000007fb0059460  255       4       led.patterns.AutoBlue::setPixels (56 bytes)
Event: 4.574 Thread 0x0000007fb0059460 nmethod 255 0x0000007fa0cfa810 code [0x0000007fa0cfaa40, 0x0000007fa0cfaea0]
Event: 5.731 Thread 0x0000007fb005a980  256       3       com.diozero.ws281xj.rpiws281x.WS281x::render (36 bytes)
Event: 5.735 Thread 0x0000007fb005a980 nmethod 256 0x0000007f99271e10 code [0x0000007f992720c0, 0x0000007f992727a8]

GC Heap History (0 events):
No events

Dll operation events (7 events):
Event: 0.011 Loaded shared library /usr/lib/jvm/java-17-openjdk-arm64/lib/libjava.so
Event: 0.012 Loaded shared library /usr/lib/jvm/java-17-openjdk-arm64/lib/libzip.so
Event: 0.327 Loaded shared library /usr/lib/jvm/java-17-openjdk-arm64/lib/libnio.so
Event: 0.379 Loaded shared library /usr/lib/jvm/java-17-openjdk-arm64/lib/libzip.so
Event: 0.519 Loaded shared library /usr/lib/jvm/java-17-openjdk-arm64/lib/libnet.so
Event: 0.736 Loaded shared library /usr/lib/jvm/java-17-openjdk-arm64/lib/libjimage.so
Event: 1.086 Loaded shared library /tmp/libws281xj6630643516305867944so

Deoptimization events (8 events):
Event: 1.299 Thread 0x0000007fb0132bf0 DEOPT PACKING pc=0x0000007f992707a8 sp=0x0000007f9861b3c0
Event: 1.299 Thread 0x0000007fb0132bf0 DEOPT UNPACKING pc=0x0000007fa079d77c sp=0x0000007f9861b090 mode 0
Event: 1.531 Thread 0x0000007fb0132bf0 Uncommon trap: trap_request=0xffffff5c fr.pc=0x0000007fa0cf8820 relative=0x0000000000000060
Event: 1.531 Thread 0x0000007fb0132bf0 Uncommon trap: reason=speculate_null_check action=make_not_entrant pc=0x0000007fa0cf8820 method=jdk.internal.misc.Unsafe.putIntUnaligned(Ljava/lang/Object;JIZ)V @ 10 c2
Event: 1.531 Thread 0x0000007fb0132bf0 DEOPT PACKING pc=0x0000007fa0cf8820 sp=0x0000007f9861b0f0
Event: 1.531 Thread 0x0000007fb0132bf0 DEOPT UNPACKING pc=0x0000007fa079d91c sp=0x0000007f9861b050 mode 2
Event: 4.531 Thread 0x0000007fb0132bf0 DEOPT PACKING pc=0x0000007f99271bf4 sp=0x0000007f9861b3c0
Event: 4.531 Thread 0x0000007fb0132bf0 DEOPT UNPACKING pc=0x0000007fa079d77c sp=0x0000007f9861b060 mode 0

Classes unloaded (0 events):
No events

Classes redefined (0 events):
No events

Internal exceptions (2 events):
Event: 0.566 Thread 0x0000007fb0012e30 Exception <a 'java/lang/NoSuchMethodError'{0x00000000f1d0f4b0}: 'void java.lang.invoke.DirectMethodHandle$Holder.invokeStatic(java.lang.Object, java.lang.Object)'> (0x00000000f1d0f4b0) 
thrown [./src/hotspot/share/interpreter/linkResolver.cpp, line 758]
Event: 1.094 Thread 0x0000007fb0012e30 Exception <a 'java/lang/NoSuchMethodError'{0x00000000f1db5a50}: 'void java.lang.invoke.DirectMethodHandle$Holder.invokeStaticInit(java.lang.Object)'> (0x00000000f1db5a50) 
thrown [./src/hotspot/share/interpreter/linkResolver.cpp, line 758]

VM Operations (4 events):
Event: 0.385 Executing VM operation: HandshakeAllThreads
Event: 0.385 Executing VM operation: HandshakeAllThreads done
Event: 1.385 Executing VM operation: Cleanup
Event: 1.385 Executing VM operation: Cleanup done

Events (20 events):
Event: 1.138 loading class led/patterns/DisabledRed done
Event: 1.141 loading class led/patterns/DisabledBlue
Event: 1.141 loading class led/patterns/DisabledBlue done
Event: 1.144 loading class led/patterns/AutoRed
Event: 1.144 loading class led/patterns/AutoRed done
Event: 1.150 Thread 0x0000007fb0132bf0 Thread added: 0x0000007fb0132bf0
Event: 1.150 Protecting memory [0x0000007f9841d000,0x0000007f98421000] with protection modes 0
Event: 1.152 Thread 0x0000007fb0012e30 Thread exited: 0x0000007fb0012e30
Event: 1.152 Protecting memory [0x0000007fb5d5c000,0x0000007fb5d60000] with protection modes 0
Event: 1.152 Thread 0x0000007fb0012e30 Thread added: 0x0000007fb0012e30
Event: 1.571 loading class jdk/internal/misc/ScopedMemoryAccess$Scope
Event: 1.572 loading class jdk/internal/misc/ScopedMemoryAccess$Scope done
Event: 40.292 loading class jdk/internal/misc/Signal$1
Event: 40.293 loading class jdk/internal/misc/Signal$1 done
Event: 40.294 Thread 0x0000007f84000e20 Thread added: 0x0000007f84000e20
Event: 40.295 Protecting memory [0x0000007f9821d000,0x0000007f98221000] with protection modes 0
Event: 40.296 Thread 0x0000007f84001eb0 Thread added: 0x0000007f84001eb0
Event: 40.298 Protecting memory [0x0000007f9801d000,0x0000007f98021000] with protection modes 0
Event: 40.301 Thread 0x0000007f5c000bc0 Thread added: 0x0000007f5c000bc0
Event: 40.302 Protecting memory [0x0000007f5be00000,0x0000007f5be04000] with protection modes 0


Dynamic libraries:
f1c00000-f2150000 rw-p 00000000 00:00 0 
f2150000-f6800000 ---p 00000000 00:00 0 
f6800000-f72b0000 rw-p 00000000 00:00 0 
f72b0000-100000000 ---p 00000000 00:00 0 
800000000-800459000 rw-p 00001000 b3:02 143952                           /usr/lib/jvm/java-17-openjdk-arm64/lib/server/classes.jsa
800459000-800be3000 r--p 0045a000 b3:02 143952                           /usr/lib/jvm/java-17-openjdk-arm64/lib/server/classes.jsa
800be3000-800c00000 ---p 00000000 00:00 0 
800c00000-800c10000 rw-p 00000000 00:00 0 
800c10000-800c40000 ---p 00000000 00:00 0 
800c40000-800c60000 rw-p 00000000 00:00 0 
800c60000-840c00000 ---p 00000000 00:00 0 
5574720000-5574721000 r-xp 00000000 b3:02 143801                         /usr/lib/jvm/java-17-openjdk-arm64/bin/java
5574731000-5574732000 r--p 00001000 b3:02 143801                         /usr/lib/jvm/java-17-openjdk-arm64/bin/java
5574732000-5574733000 rw-p 00002000 b3:02 143801                         /usr/lib/jvm/java-17-openjdk-arm64/bin/java
559e60d000-559e653000 rw-p 00000000 00:00 0                              [heap]
7f54000000-7f54021000 rw-p 00000000 00:00 0 
7f54021000-7f58000000 ---p 00000000 00:00 0 
7f5be00000-7f5be04000 ---p 00000000 00:00 0 
7f5be04000-7f5c000000 rw-p 00000000 00:00 0 
7f5c000000-7f5c021000 rw-p 00000000 00:00 0 
7f5c021000-7f60000000 ---p 00000000 00:00 0 
7f60000000-7f60021000 rw-p 00000000 00:00 0 
7f60021000-7f64000000 ---p 00000000 00:00 0 
7f64000000-7f64021000 rw-p 00000000 00:00 0 
7f64021000-7f68000000 ---p 00000000 00:00 0 
7f68000000-7f68021000 rw-p 00000000 00:00 0 
7f68021000-7f6c000000 ---p 00000000 00:00 0 
7f6c000000-7f6c021000 rw-p 00000000 00:00 0 
7f6c021000-7f70000000 ---p 00000000 00:00 0 
7f70000000-7f70021000 rw-p 00000000 00:00 0 
7f70021000-7f74000000 ---p 00000000 00:00 0 
7f74000000-7f740fc000 rw-p 00000000 00:00 0 
7f740fc000-7f78000000 ---p 00000000 00:00 0 
7f78000000-7f78021000 rw-p 00000000 00:00 0 
7f78021000-7f7c000000 ---p 00000000 00:00 0 
7f7c000000-7f7c021000 rw-p 00000000 00:00 0 
7f7c021000-7f80000000 ---p 00000000 00:00 0 
7f80000000-7f800b6000 rw-p 00000000 00:00 0 
7f800b6000-7f84000000 ---p 00000000 00:00 0 
7f84000000-7f84021000 rw-p 00000000 00:00 0 
7f84021000-7f88000000 ---p 00000000 00:00 0 
7f88000000-7f88021000 rw-p 00000000 00:00 0 
7f88021000-7f8c000000 ---p 00000000 00:00 0 
7f8c000000-7f8c021000 rw-p 00000000 00:00 0 
7f8c021000-7f90000000 ---p 00000000 00:00 0 
7f90000000-7f90021000 rw-p 00000000 00:00 0 
7f90021000-7f94000000 ---p 00000000 00:00 0 
7f94000000-7f94021000 rw-p 00000000 00:00 0 
7f94021000-7f98000000 ---p 00000000 00:00 0 
7f9801d000-7f98021000 ---p 00000000 00:00 0 
7f98021000-7f9821d000 rw-p 00000000 00:00 0 
7f9821d000-7f98221000 ---p 00000000 00:00 0 
7f98221000-7f9841d000 rw-p 00000000 00:00 0 
7f9841d000-7f98421000 ---p 00000000 00:00 0 
7f98421000-7f9861d000 rw-p 00000000 00:00 0 
7f9861d000-7f98621000 ---p 00000000 00:00 0 
7f98621000-7f9881d000 rw-p 00000000 00:00 0 
7f9881d000-7f9881e000 ---p 00000000 00:00 0 
7f9881e000-7f98a1f000 rw-p 00000000 00:00 0 
7f98a1f000-7f98a23000 ---p 00000000 00:00 0 
7f98a23000-7f98c1f000 rw-p 00000000 00:00 0 
7f98c1f000-7f98c23000 ---p 00000000 00:00 0 
7f98c23000-7f98e1f000 rw-p 00000000 00:00 0 
7f98e1f000-7f98e23000 ---p 00000000 00:00 0 
7f98e23000-7f9901f000 rw-p 00000000 00:00 0 
7f9901f000-7f99023000 ---p 00000000 00:00 0 
7f99023000-7f9921f000 rw-p 00000000 00:00 0 
7f9921f000-7f9948f000 rwxp 00000000 00:00 0 
7f9948f000-7fa0756000 ---p 00000000 00:00 0 
7fa0756000-7fa09c6000 rwxp 00000000 00:00 0 
7fa09c6000-7fa0ce7000 ---p 00000000 00:00 0 
7fa0ce7000-7fa0f57000 rwxp 00000000 00:00 0 
7fa0f57000-7fa821f000 ---p 00000000 00:00 0 
7fa821f000-7fb0000000 r--s 00000000 b3:02 143949                         /usr/lib/jvm/java-17-openjdk-arm64/lib/modules
7fb0000000-7fb0136000 rw-p 00000000 00:00 0 
7fb0136000-7fb4000000 ---p 00000000 00:00 0 
7fb4117000-7fb411b000 ---p 00000000 00:00 0 
7fb411b000-7fb4317000 rw-p 00000000 00:00 0 
7fb4317000-7fb431b000 ---p 00000000 00:00 0 
7fb431b000-7fb4517000 rw-p 00000000 00:00 0 
7fb4517000-7fb451b000 ---p 00000000 00:00 0 
7fb451b000-7fb4717000 rw-p 00000000 00:00 0 
7fb4717000-7fb49fe000 r--p 00000000 b3:02 7381                           /usr/lib/locale/locale-archive
7fb49fe000-7fb4a02000 ---p 00000000 00:00 0 
7fb4a02000-7fb4bfe000 rw-p 00000000 00:00 0 
7fb4bfe000-7fb4c02000 ---p 00000000 00:00 0 
7fb4c02000-7fb4dfe000 rw-p 00000000 00:00 0 
7fb4dfe000-7fb4dff000 ---p 00000000 00:00 0 
7fb4dff000-7fb5120000 rw-p 00000000 00:00 0 
7fb5120000-7fb5400000 ---p 00000000 00:00 0 
7fb5400000-7fb5410000 rw-p 00000000 00:00 0 
7fb5410000-7fb5800000 ---p 00000000 00:00 0 
7fb5874000-7fb587b000 r--s 00000000 b3:02 4302                           /usr/lib/aarch64-linux-gnu/gconv/gconv-modules.cache
7fb587b000-7fb5880000 r-xp 00000000 b3:02 1091                           /tmp/libws281xj6630643516305867944so (deleted)
7fb5880000-7fb5890000 ---p 00005000 b3:02 1091                           /tmp/libws281xj6630643516305867944so (deleted)
7fb5890000-7fb5891000 r--p 00005000 b3:02 1091                           /tmp/libws281xj6630643516305867944so (deleted)
7fb5891000-7fb5892000 rw-p 00006000 b3:02 1091                           /tmp/libws281xj6630643516305867944so (deleted)
7fb5892000-7fb58cb000 rw-p 00000000 00:00 0 
7fb58cb000-7fb58e1000 r-xp 00000000 b3:02 143940                         /usr/lib/jvm/java-17-openjdk-arm64/lib/libnet.so
7fb58e1000-7fb58f0000 ---p 00016000 b3:02 143940                         /usr/lib/jvm/java-17-openjdk-arm64/lib/libnet.so
7fb58f0000-7fb58f1000 r--p 00015000 b3:02 143940                         /usr/lib/jvm/java-17-openjdk-arm64/lib/libnet.so
7fb58f1000-7fb58f2000 rw-p 00016000 b3:02 143940                         /usr/lib/jvm/java-17-openjdk-arm64/lib/libnet.so
7fb58f2000-7fb5904000 r-xp 00000000 b3:02 143941                         /usr/lib/jvm/java-17-openjdk-arm64/lib/libnio.so
7fb5904000-7fb5914000 ---p 00012000 b3:02 143941                         /usr/lib/jvm/java-17-openjdk-arm64/lib/libnio.so
7fb5914000-7fb5915000 r--p 00012000 b3:02 143941                         /usr/lib/jvm/java-17-openjdk-arm64/lib/libnio.so
7fb5915000-7fb5916000 rw-p 00013000 b3:02 143941                         /usr/lib/jvm/java-17-openjdk-arm64/lib/libnio.so
7fb5916000-7fb5a39000 rw-p 00000000 00:00 0 
7fb5a39000-7fb5a80000 ---p 00000000 00:00 0 
7fb5a80000-7fb5a83000 rw-p 00000000 00:00 0 
7fb5a83000-7fb5aa6000 ---p 00000000 00:00 0 
7fb5aa6000-7fb5aac000 rw-p 00000000 00:00 0 
7fb5aac000-7fb5af2000 ---p 00000000 00:00 0 
7fb5af2000-7fb5af8000 rw-p 00000000 00:00 0 
7fb5af8000-7fb5bde000 ---p 00000000 00:00 0 
7fb5bde000-7fb5be3000 rw-p 00000000 00:00 0 
7fb5be3000-7fb5cc9000 ---p 00000000 00:00 0 
7fb5cc9000-7fb5cce000 rw-p 00000000 00:00 0 
7fb5cce000-7fb5cd5000 ---p 00000000 00:00 0 
7fb5cd5000-7fb5cdc000 r-xp 00000000 b3:02 143948                         /usr/lib/jvm/java-17-openjdk-arm64/lib/libzip.so
7fb5cdc000-7fb5cec000 ---p 00007000 b3:02 143948                         /usr/lib/jvm/java-17-openjdk-arm64/lib/libzip.so
7fb5cec000-7fb5ced000 r--p 00007000 b3:02 143948                         /usr/lib/jvm/java-17-openjdk-arm64/lib/libzip.so
7fb5ced000-7fb5cee000 rw-p 00008000 b3:02 143948                         /usr/lib/jvm/java-17-openjdk-arm64/lib/libzip.so
7fb5cee000-7fb5d12000 r-xp 00000000 b3:02 143928                         /usr/lib/jvm/java-17-openjdk-arm64/lib/libjava.so
7fb5d12000-7fb5d21000 ---p 00024000 b3:02 143928                         /usr/lib/jvm/java-17-openjdk-arm64/lib/libjava.so
7fb5d21000-7fb5d22000 r--p 00023000 b3:02 143928                         /usr/lib/jvm/java-17-openjdk-arm64/lib/libjava.so
7fb5d22000-7fb5d23000 rw-p 00024000 b3:02 143928                         /usr/lib/jvm/java-17-openjdk-arm64/lib/libjava.so
7fb5d23000-7fb5d2e000 r-xp 00000000 b3:02 2330                           /usr/lib/aarch64-linux-gnu/libnss_files-2.31.so
7fb5d2e000-7fb5d3e000 ---p 0000b000 b3:02 2330                           /usr/lib/aarch64-linux-gnu/libnss_files-2.31.so
7fb5d3e000-7fb5d3f000 r--p 0000b000 b3:02 2330                           /usr/lib/aarch64-linux-gnu/libnss_files-2.31.so
7fb5d3f000-7fb5d40000 rw-p 0000c000 b3:02 2330                           /usr/lib/aarch64-linux-gnu/libnss_files-2.31.so
7fb5d40000-7fb5d46000 rw-p 00000000 00:00 0 
7fb5d46000-7fb5d4b000 r-xp 00000000 b3:02 143931                         /usr/lib/jvm/java-17-openjdk-arm64/lib/libjimage.so
7fb5d4b000-7fb5d5a000 ---p 00005000 b3:02 143931                         /usr/lib/jvm/java-17-openjdk-arm64/lib/libjimage.so
7fb5d5a000-7fb5d5b000 r--p 00004000 b3:02 143931                         /usr/lib/jvm/java-17-openjdk-arm64/lib/libjimage.so
7fb5d5b000-7fb5d5c000 rw-p 00005000 b3:02 143931                         /usr/lib/jvm/java-17-openjdk-arm64/lib/libjimage.so
7fb5d5c000-7fb5d60000 ---p 00000000 00:00 0 
7fb5d60000-7fb5f5c000 rw-p 00000000 00:00 0 
7fb5f5c000-7fb5f6f000 r-xp 00000000 b3:02 5315                           /usr/lib/aarch64-linux-gnu/libgcc_s.so.1
7fb5f6f000-7fb5f7e000 ---p 00013000 b3:02 5315                           /usr/lib/aarch64-linux-gnu/libgcc_s.so.1
7fb5f7e000-7fb5f7f000 r--p 00012000 b3:02 5315                           /usr/lib/aarch64-linux-gnu/libgcc_s.so.1
7fb5f7f000-7fb5f80000 rw-p 00013000 b3:02 5315                           /usr/lib/aarch64-linux-gnu/libgcc_s.so.1
7fb5f80000-7fb6019000 r-xp 00000000 b3:02 2325                           /usr/lib/aarch64-linux-gnu/libm-2.31.so
7fb6019000-7fb6029000 ---p 00099000 b3:02 2325                           /usr/lib/aarch64-linux-gnu/libm-2.31.so
7fb6029000-7fb602a000 r--p 00099000 b3:02 2325                           /usr/lib/aarch64-linux-gnu/libm-2.31.so
7fb602a000-7fb602b000 rw-p 0009a000 b3:02 2325                           /usr/lib/aarch64-linux-gnu/libm-2.31.so
7fb602b000-7fb61e2000 r-xp 00000000 b3:02 5508                           /usr/lib/aarch64-linux-gnu/libstdc++.so.6.0.28
7fb61e2000-7fb61f2000 ---p 001b7000 b3:02 5508                           /usr/lib/aarch64-linux-gnu/libstdc++.so.6.0.28
7fb61f2000-7fb61fd000 r--p 001b7000 b3:02 5508                           /usr/lib/aarch64-linux-gnu/libstdc++.so.6.0.28
7fb61fd000-7fb6200000 rw-p 001c2000 b3:02 5508                           /usr/lib/aarch64-linux-gnu/libstdc++.so.6.0.28
7fb6200000-7fb6203000 rw-p 00000000 00:00 0 
7fb6203000-7fb7373000 r-xp 00000000 b3:02 143955                         /usr/lib/jvm/java-17-openjdk-arm64/lib/server/libjvm.so
7fb7373000-7fb7383000 ---p 01170000 b3:02 143955                         /usr/lib/jvm/java-17-openjdk-arm64/lib/server/libjvm.so
7fb7383000-7fb7453000 r--p 01170000 b3:02 143955                         /usr/lib/jvm/java-17-openjdk-arm64/lib/server/libjvm.so
7fb7453000-7fb7484000 rw-p 01240000 b3:02 143955                         /usr/lib/jvm/java-17-openjdk-arm64/lib/server/libjvm.so
7fb7484000-7fb7501000 rw-p 00000000 00:00 0 
7fb7501000-7fb751d000 r-xp 00000000 b3:02 2333                           /usr/lib/aarch64-linux-gnu/libpthread-2.31.so
7fb751d000-7fb752c000 ---p 0001c000 b3:02 2333                           /usr/lib/aarch64-linux-gnu/libpthread-2.31.so
7fb752c000-7fb752d000 r--p 0001b000 b3:02 2333                           /usr/lib/aarch64-linux-gnu/libpthread-2.31.so
7fb752d000-7fb752e000 rw-p 0001c000 b3:02 2333                           /usr/lib/aarch64-linux-gnu/libpthread-2.31.so
7fb752e000-7fb7532000 rw-p 00000000 00:00 0 
7fb7532000-7fb7535000 r-xp 00000000 b3:02 2324                           /usr/lib/aarch64-linux-gnu/libdl-2.31.so
7fb7535000-7fb7544000 ---p 00003000 b3:02 2324                           /usr/lib/aarch64-linux-gnu/libdl-2.31.so
7fb7544000-7fb7545000 r--p 00002000 b3:02 2324                           /usr/lib/aarch64-linux-gnu/libdl-2.31.so
7fb7545000-7fb7546000 rw-p 00003000 b3:02 2324                           /usr/lib/aarch64-linux-gnu/libdl-2.31.so
7fb7546000-7fb755f000 r-xp 00000000 b3:02 5558                           /usr/lib/aarch64-linux-gnu/libz.so.1.2.11
7fb755f000-7fb756e000 ---p 00019000 b3:02 5558                           /usr/lib/aarch64-linux-gnu/libz.so.1.2.11
7fb756e000-7fb756f000 r--p 00018000 b3:02 5558                           /usr/lib/aarch64-linux-gnu/libz.so.1.2.11
7fb756f000-7fb7570000 rw-p 00019000 b3:02 5558                           /usr/lib/aarch64-linux-gnu/libz.so.1.2.11
7fb7570000-7fb76cd000 r-xp 00000000 b3:02 2323                           /usr/lib/aarch64-linux-gnu/libc-2.31.so
7fb76cd000-7fb76dc000 ---p 0015d000 b3:02 2323                           /usr/lib/aarch64-linux-gnu/libc-2.31.so
7fb76dc000-7fb76e0000 r--p 0015c000 b3:02 2323                           /usr/lib/aarch64-linux-gnu/libc-2.31.so
7fb76e0000-7fb76e2000 rw-p 00160000 b3:02 2323                           /usr/lib/aarch64-linux-gnu/libc-2.31.so
7fb76e2000-7fb76e5000 rw-p 00000000 00:00 0 
7fb76e5000-7fb76e6000 rw-s 3f101000 00:05 5                              /dev/mem
7fb76e6000-7fb76e7000 rw-s 3f200000 00:05 5                              /dev/mem
7fb76e7000-7fb76e8000 rw-s 3f20c000 00:05 5                              /dev/mem
7fb76e8000-7fb76f0000 rw-s 00000000 b3:02 262595                         /tmp/hsperfdata_root/7920
7fb76f0000-7fb76fe000 r-xp 00000000 b3:02 143932                         /usr/lib/jvm/java-17-openjdk-arm64/lib/libjli.so
7fb76fe000-7fb770d000 ---p 0000e000 b3:02 143932                         /usr/lib/jvm/java-17-openjdk-arm64/lib/libjli.so
7fb770d000-7fb770e000 r--p 0000d000 b3:02 143932                         /usr/lib/jvm/java-17-openjdk-arm64/lib/libjli.so
7fb770e000-7fb770f000 rw-p 0000e000 b3:02 143932                         /usr/lib/jvm/java-17-openjdk-arm64/lib/libjli.so
7fb770f000-7fb7731000 r-xp 00000000 b3:02 2319                           /usr/lib/aarch64-linux-gnu/ld-2.31.so
7fb7731000-7fb7732000 rw-s 3f007000 00:05 5                              /dev/mem
7fb7732000-7fb7734000 rw-s 3ebf8000 00:05 5                              /dev/mem
7fb7734000-7fb7736000 r--s 0000c000 b3:02 14386                          /usr/share/java/java-atk-wrapper.jar
7fb7736000-7fb7737000 ---p 00000000 00:00 0 
7fb7737000-7fb7738000 r--p 00000000 00:00 0 
7fb7738000-7fb7739000 ---p 00000000 00:00 0 
7fb7739000-7fb773d000 rw-p 00000000 00:00 0 
7fb773d000-7fb773f000 r--p 00000000 00:00 0                              [vvar]
7fb773f000-7fb7740000 r-xp 00000000 00:00 0                              [vdso]
7fb7740000-7fb7741000 r--p 00021000 b3:02 2319                           /usr/lib/aarch64-linux-gnu/ld-2.31.so
7fb7741000-7fb7743000 rw-p 00022000 b3:02 2319                           /usr/lib/aarch64-linux-gnu/ld-2.31.so
7fe2939000-7fe295a000 rw-p 00000000 00:00 0                              [stack]


VM Arguments:
java_command: build/libs/all-in-one-jar-1.0-SNAPSHOT.jar
java_class_path (initial): build/libs/all-in-one-jar-1.0-SNAPSHOT.jar
Launcher Type: SUN_STANDARD

[Global flags]
     intx CICompilerCount                          = 3                                         {product} {ergonomic}
   size_t InitialHeapSize                          = 16777216                                  {product} {ergonomic}
   size_t MaxHeapSize                              = 239075328                                 {product} {ergonomic}
   size_t MaxNewSize                               = 79691776                                  {product} {ergonomic}
   size_t MinHeapDeltaBytes                        = 196608                                    {product} {ergonomic}
   size_t MinHeapSize                              = 8388608                                   {product} {ergonomic}
   size_t NewSize                                  = 5570560                                   {product} {ergonomic}
    uintx NonNMethodCodeHeapSize                   = 5832908                                {pd product} {ergonomic}
    uintx NonProfiledCodeHeapSize                  = 122912666                              {pd product} {ergonomic}
   size_t OldSize                                  = 11206656                                  {product} {ergonomic}
    uintx ProfiledCodeHeapSize                     = 122912666                              {pd product} {ergonomic}
    uintx ReservedCodeCacheSize                    = 251658240                              {pd product} {ergonomic}
     bool SegmentedCodeCache                       = true                                      {product} {ergonomic}
   size_t SoftMaxHeapSize                          = 239075328                              {manageable} {ergonomic}
     bool UseCompressedClassPointers               = true                           {product lp64_product} {ergonomic}
     bool UseCompressedOops                        = true                           {product lp64_product} {ergonomic}
     bool UseSerialGC                              = true                                      {product} {ergonomic}

Logging:
Log output configuration:
 #0: stdout all=warning uptime,level,tags
 #1: stderr all=off uptime,level,tags

Environment Variables:
PATH=/usr/local/sbin:/usr/local/bin:/usr/sbin:/usr/bin:/sbin:/bin
SHELL=/bin/bash
LANG=en_GB.UTF-8
TERM=screen

Signal Handlers:
   SIGSEGV: 0x0000007fb703d2c0 in libjvm.so+14918336, mask=11100100010111111101111111111110, flags=SA_RESTART|SA_SIGINFO
    SIGBUS: 0x0000007fb703d2c0 in libjvm.so+14918336, mask=11100100010111111101111111111110, flags=SA_RESTART|SA_SIGINFO
    SIGFPE: 0x0000007fb703d2c0 in libjvm.so+14918336, mask=11100100010111111101111111111110, flags=SA_RESTART|SA_SIGINFO
   SIGPIPE: 0x0000007fb6ef1df0 in libjvm.so+13561328, mask=11100100010111111101111111111110, flags=SA_RESTART|SA_SIGINFO
   SIGXFSZ: 0x0000007fb6ef1df0 in libjvm.so+13561328, mask=11100100010111111101111111111110, flags=SA_RESTART|SA_SIGINFO
    SIGILL: 0x0000007fb703d2c0 in libjvm.so+14918336, mask=11100100010111111101111111111110, flags=SA_RESTART|SA_SIGINFO
   SIGUSR2: 0x0000007fb6ef14e4 in libjvm.so+13559012, mask=00000000000000000000000000000000, flags=SA_RESTART|SA_SIGINFO
    SIGHUP: 0x0000007fb6ef1414 in libjvm.so+13558804, mask=11100100010111111101111111111110, flags=SA_RESTART|SA_SIGINFO
    SIGINT: 0x0000007fb6ef1414 in libjvm.so+13558804, mask=11100100010111111101111111111110, flags=SA_RESTART|SA_SIGINFO
   SIGTERM: 0x0000007fb6ef1414 in libjvm.so+13558804, mask=11100100010111111101111111111110, flags=SA_RESTART|SA_SIGINFO
   SIGQUIT: 0x0000007fb6ef1414 in libjvm.so+13558804, mask=11100100010111111101111111111110, flags=SA_RESTART|SA_SIGINFO
   SIGTRAP: 0x0000007fb703d2c0 in libjvm.so+14918336, mask=11100100010111111101111111111110, flags=SA_RESTART|SA_SIGINFO


---------------  S Y S T E M  ---------------

OS:
PRETTY_NAME="Debian GNU/Linux 11 (bullseye)"
NAME="Debian GNU/Linux"
VERSION_ID="11"
VERSION="11 (bullseye)"
VERSION_CODENAME=bullseye
ID=debian
HOME_URL="https://www.debian.org/"
SUPPORT_URL="https://www.debian.org/support"
BUG_REPORT_URL="https://bugs.debian.org/"
uname: Linux 5.15.84-v8+ #1613 SMP PREEMPT Thu Jan 5 12:03:08 GMT 2023 aarch64
OS uptime: 0 days 0:10 hours
libc: glibc 2.31 NPTL 2.31 
rlimit (soft/hard): STACK 8192k/infinity , CORE 0k/infinity , NPROC 2599/2599 , NOFILE 1048576/1048576 , AS infinity/infinity , CPU infinity/infinity , DATA infinity/infinity , FSIZE infinity/infinity , MEMLOCK 116432k/116432k
load average: 1.87 1.05 0.53

/proc/meminfo:
MemTotal:         931460 kB
MemFree:          226988 kB
MemAvailable:     517692 kB
Buffers:           19068 kB
Cached:           304436 kB
SwapCached:            0 kB
Active:           158748 kB
Inactive:         456244 kB
Active(anon):        732 kB
Inactive(anon):   291712 kB
Active(file):     158016 kB
Inactive(file):   164532 kB
Unevictable:          16 kB
Mlocked:              16 kB
SwapTotal:        102396 kB
SwapFree:         102396 kB
Dirty:               880 kB
Writeback:          1084 kB
AnonPages:        291560 kB
Mapped:            78012 kB
Shmem:               956 kB
KReclaimable:      26424 kB
Slab:              48572 kB
SReclaimable:      26424 kB
SUnreclaim:        22148 kB
KernelStack:        3200 kB
PageTables:         3200 kB
NFS_Unstable:          0 kB
Bounce:                0 kB
WritebackTmp:          0 kB
CommitLimit:      568124 kB
Committed_AS:     711768 kB
VmallocTotal:   259653632 kB
VmallocUsed:       10112 kB
VmallocChunk:          0 kB
Percpu:              640 kB
CmaTotal:         262144 kB
CmaFree:          147556 kB

/sys/kernel/mm/transparent_hugepage/enabled: <Not Available>
/sys/kernel/mm/transparent_hugepage/defrag (defrag/compaction efforts parameter): <Not Available>

Process Memory:
Virtual Size: 2859028K (peak: 2924536K)
Resident Set Size: 38872K (peak: 38872K) (anon: 13344K, file: 25528K, shmem: 0K)
Swapped out: 0K
C-Heap outstanding allocations: 3013K, retained: 3458K
glibc malloc tunables: (default)

/proc/sys/kernel/threads-max (system-wide limit on the number of threads): 5199
/proc/sys/vm/max_map_count (maximum number of memory map areas a process may have): 65530
/proc/sys/kernel/pid_max (system-wide limit on number of process identifiers): 4194304

container information not found.
Steal ticks since vm start: 0
Steal ticks percentage since vm start:  0.000

CPU: total 4 (initial active 4) 0x41:0x0:0xd03:4, fp, simd, evtstrm, crc, a53mac
/proc/cpuinfo:
processor	: 0
BogoMIPS	: 38.40
Features	: fp asimd evtstrm crc32 cpuid
CPU implementer	: 0x41
CPU architecture: 8
CPU variant	: 0x0
CPU part	: 0xd03
CPU revision	: 4

processor	: 1
BogoMIPS	: 38.40
Features	: fp asimd evtstrm crc32 cpuid
CPU implementer	: 0x41
CPU architecture: 8
CPU variant	: 0x0
CPU part	: 0xd03
CPU revision	: 4

processor	: 2
BogoMIPS	: 38.40
Features	: fp asimd evtstrm crc32 cpuid
CPU implementer	: 0x41
CPU architecture: 8
CPU variant	: 0x0
CPU part	: 0xd03
CPU revision	: 4

processor	: 3
BogoMIPS	: 38.40
Features	: fp asimd evtstrm crc32 cpuid
CPU implementer	: 0x41
CPU architecture: 8
CPU variant	: 0x0
CPU part	: 0xd03
CPU revision	: 4

Hardware	: BCM2835
Revision	: a02082
Serial		: 00000000f423ad31
Model		: Raspberry Pi 3 Model B Rev 1.2

Online cpus: 0-3
Offline cpus: 

Memory: 4k page, physical 931460k(226988k free), swap 102396k(102396k free)
Page Sizes: 4k

vm_info: OpenJDK 64-Bit Server VM (17.0.6+10-Debian-1deb11u1) for linux-aarch64 JRE (17.0.6+10-Debian-1deb11u1), built on Jan 28 2023 19:12:02 by "buildd" with gcc 10.2.1 20210110

END.
